Using pre-set license
Built from '2021.3/staging' branch; Version is '2021.3.7f1 (24e8595d6d43) revision 2418777'; Using compiler version '192829333'; Build Type 'Release'
OS: 'Windows 10  (10.0.19044) 64bit CoreSingleLanguage' Language: 'en' Physical Memory: 16061 MB
BatchMode: 1, IsHumanControllingUs: 0, StartBugReporterOnCrash: 0, Is64bit: 1, IsPro: 1

COMMAND LINE ARGUMENTS:
D:\UNity\2021.3.7f1\Editor\Unity.exe
-adb2
-batchMode
-noUpm
-name
AssetImportWorker0
-projectPath
D:/Unnity projects/Tanks
-logFile
Logs/AssetImportWorker0.log
-srvPort
56999
Successfully changed project path to: D:/Unnity projects/Tanks
D:/Unnity projects/Tanks
[UnityMemory] Configuration Parameters - Can be set up in boot.config
    "memorysetup-bucket-allocator-granularity=16"
    "memorysetup-bucket-allocator-bucket-count=8"
    "memorysetup-bucket-allocator-block-size=33554432"
    "memorysetup-bucket-allocator-block-count=8"
    "memorysetup-main-allocator-block-size=16777216"
    "memorysetup-thread-allocator-block-size=16777216"
    "memorysetup-gfx-main-allocator-block-size=16777216"
    "memorysetup-gfx-thread-allocator-block-size=16777216"
    "memorysetup-cache-allocator-block-size=4194304"
    "memorysetup-typetree-allocator-block-size=2097152"
    "memorysetup-profiler-bucket-allocator-granularity=16"
    "memorysetup-profiler-bucket-allocator-bucket-count=8"
    "memorysetup-profiler-bucket-allocator-block-size=33554432"
    "memorysetup-profiler-bucket-allocator-block-count=8"
    "memorysetup-profiler-allocator-block-size=16777216"
    "memorysetup-profiler-editor-allocator-block-size=1048576"
    "memorysetup-temp-allocator-size-main=16777216"
    "memorysetup-job-temp-allocator-block-size=2097152"
    "memorysetup-job-temp-allocator-block-size-background=1048576"
    "memorysetup-job-temp-allocator-reduction-small-platforms=262144"
    "memorysetup-temp-allocator-size-background-worker=32768"
    "memorysetup-temp-allocator-size-job-worker=262144"
    "memorysetup-temp-allocator-size-preload-manager=33554432"
    "memorysetup-temp-allocator-size-nav-mesh-worker=65536"
    "memorysetup-temp-allocator-size-audio-worker=65536"
    "memorysetup-temp-allocator-size-cloud-worker=32768"
    "memorysetup-temp-allocator-size-gi-baking-worker=262144"
    "memorysetup-temp-allocator-size-gfx=262144"
Refreshing native plugins compatible for Editor in 77.26 ms, found 4 plugins.
Preloading 0 native plugins for Editor in 0.00 ms.
Initialize engine version: 2021.3.7f1 (24e8595d6d43)
[Subsystems] Discovering subsystems at path D:/UNity/2021.3.7f1/Editor/Data/Resources/UnitySubsystems
[Subsystems] Discovering subsystems at path D:/Unnity projects/Tanks/Assets
GfxDevice: creating device client; threaded=0; jobified=0
Direct3D:
    Version:  Direct3D 11.0 [level 11.1]
    Renderer: NVIDIA GeForce RTX 3050 Laptop GPU (ID=0x25a2)
    Vendor:   NVIDIA
    VRAM:     3991 MB
    Driver:   31.0.15.1748
Initialize mono
Mono path[0] = 'D:/UNity/2021.3.7f1/Editor/Data/Managed'
Mono path[1] = 'D:/UNity/2021.3.7f1/Editor/Data/MonoBleedingEdge/lib/mono/unityjit-win32'
Mono config path = 'D:/UNity/2021.3.7f1/Editor/Data/MonoBleedingEdge/etc'
Using monoOptions --debugger-agent=transport=dt_socket,embedding=1,server=y,suspend=n,address=127.0.0.1:56748
Begin MonoManager ReloadAssembly
Registering precompiled unity dll's ...
Register platform support module: D:/UNity/2021.3.7f1/Editor/Data/PlaybackEngines/WindowsStandaloneSupport/UnityEditor.WindowsStandalone.Extensions.dll
Registered in 0.001897 seconds.
Native extension for WindowsStandalone target not found
Refreshing native plugins compatible for Editor in 91.91 ms, found 4 plugins.
Preloading 0 native plugins for Editor in 0.00 ms.
Mono: successfully reloaded assembly
- Completed reload, in  0.509 seconds
Domain Reload Profiling:
	ReloadAssembly (509ms)
		BeginReloadAssembly (49ms)
			ExecutionOrderSort (0ms)
			DisableScriptedObjects (0ms)
			BackupInstance (0ms)
			ReleaseScriptingObjects (0ms)
			CreateAndSetChildDomain (1ms)
		EndReloadAssembly (383ms)
			LoadAssemblies (49ms)
			RebuildTransferFunctionScriptingTraits (0ms)
			SetupTypeCache (88ms)
			ReleaseScriptCaches (0ms)
			RebuildScriptCaches (24ms)
			SetupLoadedEditorAssemblies (236ms)
				LogAssemblyErrors (0ms)
				InitializePlatformSupportModulesInManaged (5ms)
				SetLoadedEditorAssemblies (0ms)
				RefreshPlugins (92ms)
				BeforeProcessingInitializeOnLoad (1ms)
				ProcessInitializeOnLoadAttributes (99ms)
				ProcessInitializeOnLoadMethodAttributes (38ms)
				AfterProcessingInitializeOnLoad (0ms)
				EditorAssembliesLoaded (0ms)
			ExecutionOrderSort2 (0ms)
			AwakeInstancesAfterBackupRestoration (0ms)
Platform modules already initialized, skipping
Registering precompiled user dll's ...
Registered in 0.005348 seconds.
Begin MonoManager ReloadAssembly
Native extension for WindowsStandalone target not found
Refreshing native plugins compatible for Editor in 78.02 ms, found 4 plugins.
Preloading 0 native plugins for Editor in 0.00 ms.
Mono: successfully reloaded assembly
- Completed reload, in  0.929 seconds
Domain Reload Profiling:
	ReloadAssembly (929ms)
		BeginReloadAssembly (84ms)
			ExecutionOrderSort (0ms)
			DisableScriptedObjects (4ms)
			BackupInstance (0ms)
			ReleaseScriptingObjects (0ms)
			CreateAndSetChildDomain (16ms)
		EndReloadAssembly (764ms)
			LoadAssemblies (67ms)
			RebuildTransferFunctionScriptingTraits (0ms)
			SetupTypeCache (193ms)
			ReleaseScriptCaches (1ms)
			RebuildScriptCaches (48ms)
			SetupLoadedEditorAssemblies (423ms)
				LogAssemblyErrors (0ms)
				InitializePlatformSupportModulesInManaged (3ms)
				SetLoadedEditorAssemblies (0ms)
				RefreshPlugins (78ms)
				BeforeProcessingInitializeOnLoad (70ms)
				ProcessInitializeOnLoadAttributes (231ms)
				ProcessInitializeOnLoadMethodAttributes (38ms)
				AfterProcessingInitializeOnLoad (2ms)
				EditorAssembliesLoaded (0ms)
			ExecutionOrderSort2 (0ms)
			AwakeInstancesAfterBackupRestoration (5ms)
Platform modules already initialized, skipping
========================================================================
Worker process is ready to serve import requests
Launched and connected shader compiler UnityShaderCompiler.exe after 0.04 seconds
Refreshing native plugins compatible for Editor in 0.85 ms, found 4 plugins.
Preloading 0 native plugins for Editor in 0.00 ms.
Unloading 4407 Unused Serialized files (Serialized files now loaded: 0)
Unloading 47 unused Assets / (222.7 KB). Loaded Objects now: 4858.
Memory consumption went from 164.2 MB to 164.0 MB.
Total: 3.092400 ms (FindLiveObjects: 0.328200 ms CreateObjectMapping: 0.150200 ms MarkObjects: 2.369800 ms  DeleteObjects: 0.243300 ms)

AssetImportParameters requested are different than current active one (requested -> active):
  custom:video-decoder-ogg-theora: a1e56fd34408186e4bbccfd4996cb3dc -> 
  custom:container-muxer-webm: aa71ff27fc2769a1b78a27578f13a17b -> 
  custom:container-demuxer-webm: 4f35f7cbe854078d1ac9338744f61a02 -> 
  custom:video-encoder-webm-vp8: eb34c28f22e8b96e1ab97ce403110664 -> 
  custom:video-codec-MediaFoundation-h265: 746d11721c4dcdbdad8f713fa42b33f4 -> 
  custom:audio-encoder-webm-vorbis: bf7c407c2cedff20999df2af8eb42d56 -> 
  custom:framework-win-MediaFoundation: 216162199b28c13a410421893ffa2e32 -> 
  custom:container-demuxer-ogg: 62fdf1f143b41e24485cea50d1cbac27 -> 
  custom:video-decoder-webm-vp8: 9c59270c3fd7afecdb556c50c9e8de78 -> 
  custom:audio-decoder-ogg-vorbis: bf7c407c2cedff20999df2af8eb42d56 -> 
========================================================================
Received Import Request.
  Time since last request: 83360.157222 seconds.
  path: Assets/craftpix-901177-free-2d-battle-tank-game-assets/PNG/Hulls_Color_B
  artifactKey: Guid(dec054c884e155d4dba81f3b8b1bf56d) Importer(815301076,1909f56bfc062723c751e8b465ee728b)
Start importing Assets/craftpix-901177-free-2d-battle-tank-game-assets/PNG/Hulls_Color_B using Guid(dec054c884e155d4dba81f3b8b1bf56d) Importer(815301076,1909f56bfc062723c751e8b465ee728b)  -> (artifact id: 'd965fe8dca72d19f1eba7cb6ab095b8d') in 0.010803 seconds 
========================================================================
Received Import Request.
  Time since last request: 29.667180 seconds.
  path: Assets/craftpix-901177-free-2d-battle-tank-game-assets/PNG/Hulls_Color_D
  artifactKey: Guid(adacf173dbd9668468c496dedf66c762) Importer(815301076,1909f56bfc062723c751e8b465ee728b)
Start importing Assets/craftpix-901177-free-2d-battle-tank-game-assets/PNG/Hulls_Color_D using Guid(adacf173dbd9668468c496dedf66c762) Importer(815301076,1909f56bfc062723c751e8b465ee728b)  -> (artifact id: '9ad8eb95f07ae869774ee9ae93972c71') in 0.005799 seconds 
========================================================================
Received Import Request.
  Time since last request: 0.076624 seconds.
  path: Assets/craftpix-901177-free-2d-battle-tank-game-assets/PNG/Hulls_Color_D/Hull_01.png
  artifactKey: Guid(38e6988d9e9a50a43b32eb3dbaed3230) Importer(815301076,1909f56bfc062723c751e8b465ee728b)
Start importing Assets/craftpix-901177-free-2d-battle-tank-game-assets/PNG/Hulls_Color_D/Hull_01.png using Guid(38e6988d9e9a50a43b32eb3dbaed3230) Importer(815301076,1909f56bfc062723c751e8b465ee728b)  -> (artifact id: 'cf651068a42bb9eb626a953bc9828660') in 0.140641 seconds 
========================================================================
Received Import Request.
  Time since last request: 0.000022 seconds.
  path: Assets/craftpix-901177-free-2d-battle-tank-game-assets/PNG/Hulls_Color_D/Hull_08.png
  artifactKey: Guid(f49585d38ab264f41ba185a03fba5070) Importer(815301076,1909f56bfc062723c751e8b465ee728b)
Start importing Assets/craftpix-901177-free-2d-battle-tank-game-assets/PNG/Hulls_Color_D/Hull_08.png using Guid(f49585d38ab264f41ba185a03fba5070) Importer(815301076,1909f56bfc062723c751e8b465ee728b)  -> (artifact id: '4e9e9c4565d9f880262cf2521da316c0') in 0.031666 seconds 
========================================================================
Received Import Request.
  Time since last request: 0.000036 seconds.
  path: Assets/craftpix-901177-free-2d-battle-tank-game-assets/PNG/Hulls_Color_D/Hull_07.png
  artifactKey: Guid(df439fd919de4be49946b549cb8a3780) Importer(815301076,1909f56bfc062723c751e8b465ee728b)
Start importing Assets/craftpix-901177-free-2d-battle-tank-game-assets/PNG/Hulls_Color_D/Hull_07.png using Guid(df439fd919de4be49946b549cb8a3780) Importer(815301076,1909f56bfc062723c751e8b465ee728b)  -> (artifact id: 'bb780ad9605b8ba1ddc4859717afb57b') in 0.032787 seconds 
========================================================================
Received Import Request.
  Time since last request: 0.000019 seconds.
  path: Assets/craftpix-901177-free-2d-battle-tank-game-assets/PNG/Hulls_Color_D/Hull_04.png
  artifactKey: Guid(9b0d4ec278ec8d14cb3ad88d7cac71a1) Importer(815301076,1909f56bfc062723c751e8b465ee728b)
Start importing Assets/craftpix-901177-free-2d-battle-tank-game-assets/PNG/Hulls_Color_D/Hull_04.png using Guid(9b0d4ec278ec8d14cb3ad88d7cac71a1) Importer(815301076,1909f56bfc062723c751e8b465ee728b)  -> (artifact id: 'efe02b0489390d79c6e95eed11b33501') in 0.028359 seconds 
========================================================================
Received Import Request.
  Time since last request: 3.911365 seconds.
  path: Assets/craftpix-901177-free-2d-battle-tank-game-assets/PNG/Weapon_Color_A_256X256
  artifactKey: Guid(bab27ae9c06fac64883e2f46f3ab8865) Importer(815301076,1909f56bfc062723c751e8b465ee728b)
Start importing Assets/craftpix-901177-free-2d-battle-tank-game-assets/PNG/Weapon_Color_A_256X256 using Guid(bab27ae9c06fac64883e2f46f3ab8865) Importer(815301076,1909f56bfc062723c751e8b465ee728b)  -> (artifact id: '304ec63f288a28fdd3e208159276f135') in 0.005465 seconds 
========================================================================
Received Import Request.
  Time since last request: 0.061288 seconds.
  path: Assets/craftpix-901177-free-2d-battle-tank-game-assets/PNG/Weapon_Color_A_256X256/Gun_01.png
  artifactKey: Guid(a478e9edb424da74db4170cdc600bf33) Importer(815301076,1909f56bfc062723c751e8b465ee728b)
Start importing Assets/craftpix-901177-free-2d-battle-tank-game-assets/PNG/Weapon_Color_A_256X256/Gun_01.png using Guid(a478e9edb424da74db4170cdc600bf33) Importer(815301076,1909f56bfc062723c751e8b465ee728b)  -> (artifact id: '7958139877789390cdad6aaa0a9c1cbe') in 0.027457 seconds 
========================================================================
Received Import Request.
  Time since last request: 0.000019 seconds.
  path: Assets/craftpix-901177-free-2d-battle-tank-game-assets/PNG/Weapon_Color_A_256X256/Gun_03_B.png
  artifactKey: Guid(9355f8455384a0e4fbfbc97e17ec07d5) Importer(815301076,1909f56bfc062723c751e8b465ee728b)
Start importing Assets/craftpix-901177-free-2d-battle-tank-game-assets/PNG/Weapon_Color_A_256X256/Gun_03_B.png using Guid(9355f8455384a0e4fbfbc97e17ec07d5) Importer(815301076,1909f56bfc062723c751e8b465ee728b)  -> (artifact id: 'c29a0cfc02d7d483c57009bc82f1ff20') in 0.034301 seconds 
========================================================================
Received Import Request.
  Time since last request: 0.000034 seconds.
  path: Assets/craftpix-901177-free-2d-battle-tank-game-assets/PNG/Weapon_Color_A_256X256/Gun_05_B.png
  artifactKey: Guid(50f8166ed6129be4aafbf562473ed28c) Importer(815301076,1909f56bfc062723c751e8b465ee728b)
Start importing Assets/craftpix-901177-free-2d-battle-tank-game-assets/PNG/Weapon_Color_A_256X256/Gun_05_B.png using Guid(50f8166ed6129be4aafbf562473ed28c) Importer(815301076,1909f56bfc062723c751e8b465ee728b)  -> (artifact id: '75e0f0fb4b3be30680046936fdfdbf8f') in 0.025294 seconds 
========================================================================
Received Import Request.
  Time since last request: 0.000022 seconds.
  path: Assets/craftpix-901177-free-2d-battle-tank-game-assets/PNG/Weapon_Color_A_256X256/Gun_03_A.png
  artifactKey: Guid(aef8916dba4976f46bf53648dfc0af9e) Importer(815301076,1909f56bfc062723c751e8b465ee728b)
Start importing Assets/craftpix-901177-free-2d-battle-tank-game-assets/PNG/Weapon_Color_A_256X256/Gun_03_A.png using Guid(aef8916dba4976f46bf53648dfc0af9e) Importer(815301076,1909f56bfc062723c751e8b465ee728b)  -> (artifact id: '0b167c2e06a71f569cc2ae8bd437d4b2') in 0.025609 seconds 
========================================================================
Received Import Request.
  Time since last request: 0.000021 seconds.
  path: Assets/craftpix-901177-free-2d-battle-tank-game-assets/PNG/Weapon_Color_A_256X256/Gun_07_A.png
  artifactKey: Guid(9969f5c778da1fd4d848e2faecf832e7) Importer(815301076,1909f56bfc062723c751e8b465ee728b)
Start importing Assets/craftpix-901177-free-2d-battle-tank-game-assets/PNG/Weapon_Color_A_256X256/Gun_07_A.png using Guid(9969f5c778da1fd4d848e2faecf832e7) Importer(815301076,1909f56bfc062723c751e8b465ee728b)  -> (artifact id: '713fce0d436c141ad9ba79ba044e51c4') in 0.040252 seconds 
========================================================================
Received Import Request.
  Time since last request: 0.000017 seconds.
  path: Assets/craftpix-901177-free-2d-battle-tank-game-assets/PNG/Weapon_Color_A_256X256/Gun_06.png
  artifactKey: Guid(357d1de9b8574804d8487c6659b78f37) Importer(815301076,1909f56bfc062723c751e8b465ee728b)
Start importing Assets/craftpix-901177-free-2d-battle-tank-game-assets/PNG/Weapon_Color_A_256X256/Gun_06.png using Guid(357d1de9b8574804d8487c6659b78f37) Importer(815301076,1909f56bfc062723c751e8b465ee728b)  -> (artifact id: 'fdddf70872f0c6a8385e36c3ebca309e') in 0.028746 seconds 
========================================================================
Received Import Request.
  Time since last request: 0.000028 seconds.
  path: Assets/craftpix-901177-free-2d-battle-tank-game-assets/PNG/Weapon_Color_A_256X256/Gun_05.png
  artifactKey: Guid(160dfc7f55e6e7f41a3c6b296d27b80c) Importer(815301076,1909f56bfc062723c751e8b465ee728b)
Start importing Assets/craftpix-901177-free-2d-battle-tank-game-assets/PNG/Weapon_Color_A_256X256/Gun_05.png using Guid(160dfc7f55e6e7f41a3c6b296d27b80c) Importer(815301076,1909f56bfc062723c751e8b465ee728b)  -> (artifact id: 'fc3de64d2d541651823b2db821a695e6') in 0.105455 seconds 
========================================================================
Received Import Request.
  Time since last request: 0.000026 seconds.
  path: Assets/craftpix-901177-free-2d-battle-tank-game-assets/PNG/Weapon_Color_A_256X256/Gun_04_A.png
  artifactKey: Guid(7a217d5fb12eba349a183ef2c398573b) Importer(815301076,1909f56bfc062723c751e8b465ee728b)
Start importing Assets/craftpix-901177-free-2d-battle-tank-game-assets/PNG/Weapon_Color_A_256X256/Gun_04_A.png using Guid(7a217d5fb12eba349a183ef2c398573b) Importer(815301076,1909f56bfc062723c751e8b465ee728b)  -> (artifact id: '327d5689066ae4e8f729fb10c3723305') in 0.030049 seconds 
========================================================================
Received Import Request.
  Time since last request: 0.000032 seconds.
  path: Assets/craftpix-901177-free-2d-battle-tank-game-assets/PNG/Weapon_Color_A_256X256/Gun_06_B.png
  artifactKey: Guid(e5121edd504ed284db781a181e7e9008) Importer(815301076,1909f56bfc062723c751e8b465ee728b)
Start importing Assets/craftpix-901177-free-2d-battle-tank-game-assets/PNG/Weapon_Color_A_256X256/Gun_06_B.png using Guid(e5121edd504ed284db781a181e7e9008) Importer(815301076,1909f56bfc062723c751e8b465ee728b)  -> (artifact id: '18f68ce82cc38c911ac9375133bfb052') in 0.032990 seconds 
========================================================================
Received Import Request.
  Time since last request: 0.000028 seconds.
  path: Assets/craftpix-901177-free-2d-battle-tank-game-assets/PNG/Weapon_Color_A_256X256/Gun_04.png
  artifactKey: Guid(9031712dc494040499584410d3ce32b5) Importer(815301076,1909f56bfc062723c751e8b465ee728b)
Start importing Assets/craftpix-901177-free-2d-battle-tank-game-assets/PNG/Weapon_Color_A_256X256/Gun_04.png using Guid(9031712dc494040499584410d3ce32b5) Importer(815301076,1909f56bfc062723c751e8b465ee728b)  -> (artifact id: '316af024f93fd5485106aec44c807017') in 0.025988 seconds 
========================================================================
Received Import Request.
  Time since last request: 0.000032 seconds.
  path: Assets/craftpix-901177-free-2d-battle-tank-game-assets/PNG/Weapon_Color_A_256X256/Gun_05_A.png
  artifactKey: Guid(69f6d892b976ee44c8ca297827b6922a) Importer(815301076,1909f56bfc062723c751e8b465ee728b)
Start importing Assets/craftpix-901177-free-2d-battle-tank-game-assets/PNG/Weapon_Color_A_256X256/Gun_05_A.png using Guid(69f6d892b976ee44c8ca297827b6922a) Importer(815301076,1909f56bfc062723c751e8b465ee728b)  -> (artifact id: 'e0a3251eb46435ad0a56c3f7b98ad05d') in 0.026751 seconds 
========================================================================
Received Import Request.
  Time since last request: 6.326031 seconds.
  path: Assets/craftpix-901177-free-2d-battle-tank-game-assets/PNG/Weapon_Color_B
  artifactKey: Guid(3ac9e8ffc0b536144974e3779df40d69) Importer(815301076,1909f56bfc062723c751e8b465ee728b)
Start importing Assets/craftpix-901177-free-2d-battle-tank-game-assets/PNG/Weapon_Color_B using Guid(3ac9e8ffc0b536144974e3779df40d69) Importer(815301076,1909f56bfc062723c751e8b465ee728b)  -> (artifact id: 'a36762b683318723274950f259056f85') in 0.005099 seconds 
========================================================================
Received Import Request.
  Time since last request: 0.053554 seconds.
  path: Assets/craftpix-901177-free-2d-battle-tank-game-assets/PNG/Weapon_Color_B/Gun_01.png
  artifactKey: Guid(bd07068775786db4b88ab0f1150cf86a) Importer(815301076,1909f56bfc062723c751e8b465ee728b)
Start importing Assets/craftpix-901177-free-2d-battle-tank-game-assets/PNG/Weapon_Color_B/Gun_01.png using Guid(bd07068775786db4b88ab0f1150cf86a) Importer(815301076,1909f56bfc062723c751e8b465ee728b)  -> (artifact id: '371d7c407df1c2448fbebe7e89fb9d55') in 0.021680 seconds 
========================================================================
Received Import Request.
  Time since last request: 0.000069 seconds.
  path: Assets/craftpix-901177-free-2d-battle-tank-game-assets/PNG/Weapon_Color_B/Gun_02_B.png
  artifactKey: Guid(912539d654cb8794880290907d002c58) Importer(815301076,1909f56bfc062723c751e8b465ee728b)
Start importing Assets/craftpix-901177-free-2d-battle-tank-game-assets/PNG/Weapon_Color_B/Gun_02_B.png using Guid(912539d654cb8794880290907d002c58) Importer(815301076,1909f56bfc062723c751e8b465ee728b)  -> (artifact id: '4009c0b2db8d33c7c2730c455d242fe5') in 0.026040 seconds 
========================================================================
Received Import Request.
  Time since last request: 0.000122 seconds.
  path: Assets/craftpix-901177-free-2d-battle-tank-game-assets/PNG/Weapon_Color_B/Gun_03_A.png
  artifactKey: Guid(70df6902a29e03243af263ee8c81e460) Importer(815301076,1909f56bfc062723c751e8b465ee728b)
Start importing Assets/craftpix-901177-free-2d-battle-tank-game-assets/PNG/Weapon_Color_B/Gun_03_A.png using Guid(70df6902a29e03243af263ee8c81e460) Importer(815301076,1909f56bfc062723c751e8b465ee728b)  -> (artifact id: 'd10f316090d72e92833d48f52f3f89ce') in 0.023290 seconds 
========================================================================
Received Import Request.
  Time since last request: 0.000026 seconds.
  path: Assets/craftpix-901177-free-2d-battle-tank-game-assets/PNG/Weapon_Color_B/Gun_03_B.png
  artifactKey: Guid(960402e2666b0ba4b927576c89253118) Importer(815301076,1909f56bfc062723c751e8b465ee728b)
Start importing Assets/craftpix-901177-free-2d-battle-tank-game-assets/PNG/Weapon_Color_B/Gun_03_B.png using Guid(960402e2666b0ba4b927576c89253118) Importer(815301076,1909f56bfc062723c751e8b465ee728b)  -> (artifact id: '4b8c7d8577b258f339f9080d28e8cd3b') in 0.028113 seconds 
========================================================================
Received Import Request.
  Time since last request: 0.000023 seconds.
  path: Assets/craftpix-901177-free-2d-battle-tank-game-assets/PNG/Weapon_Color_B/Gun_04_A.png
  artifactKey: Guid(1271b15ffbac43b41bf6b3a9429ff2d6) Importer(815301076,1909f56bfc062723c751e8b465ee728b)
Start importing Assets/craftpix-901177-free-2d-battle-tank-game-assets/PNG/Weapon_Color_B/Gun_04_A.png using Guid(1271b15ffbac43b41bf6b3a9429ff2d6) Importer(815301076,1909f56bfc062723c751e8b465ee728b)  -> (artifact id: 'a1cb4c6ecb02b367ce30eb0c1b8551cf') in 0.021423 seconds 
========================================================================
Received Import Request.
  Time since last request: 0.000050 seconds.
  path: Assets/craftpix-901177-free-2d-battle-tank-game-assets/PNG/Weapon_Color_B/Gun_07_B.png
  artifactKey: Guid(51b9398586ec2a34aaf075a9e087bfd7) Importer(815301076,1909f56bfc062723c751e8b465ee728b)
Start importing Assets/craftpix-901177-free-2d-battle-tank-game-assets/PNG/Weapon_Color_B/Gun_07_B.png using Guid(51b9398586ec2a34aaf075a9e087bfd7) Importer(815301076,1909f56bfc062723c751e8b465ee728b)  -> (artifact id: '801a6555d7d5199bea6e3a131ba5ffa6') in 0.024031 seconds 
========================================================================
Received Import Request.
  Time since last request: 0.000028 seconds.
  path: Assets/craftpix-901177-free-2d-battle-tank-game-assets/PNG/Weapon_Color_B/Gun_01_B.png
  artifactKey: Guid(530657046ae15e043b5b947389d42243) Importer(815301076,1909f56bfc062723c751e8b465ee728b)
Start importing Assets/craftpix-901177-free-2d-battle-tank-game-assets/PNG/Weapon_Color_B/Gun_01_B.png using Guid(530657046ae15e043b5b947389d42243) Importer(815301076,1909f56bfc062723c751e8b465ee728b)  -> (artifact id: '0536074172da6e032600c4794775ad17') in 0.022385 seconds 
========================================================================
Received Import Request.
  Time since last request: 0.000030 seconds.
  path: Assets/craftpix-901177-free-2d-battle-tank-game-assets/PNG/Weapon_Color_B/Gun_06_B.png
  artifactKey: Guid(a0827847ecf738646af3959947232bae) Importer(815301076,1909f56bfc062723c751e8b465ee728b)
Start importing Assets/craftpix-901177-free-2d-battle-tank-game-assets/PNG/Weapon_Color_B/Gun_06_B.png using Guid(a0827847ecf738646af3959947232bae) Importer(815301076,1909f56bfc062723c751e8b465ee728b)  -> (artifact id: 'bfa1734d8f394c09ef83ad06a27e9691') in 0.023397 seconds 
========================================================================
Received Import Request.
  Time since last request: 0.000023 seconds.
  path: Assets/craftpix-901177-free-2d-battle-tank-game-assets/PNG/Weapon_Color_B/Gun_07_A.png
  artifactKey: Guid(5c505b65c4aa6404c9ccb0d11db5c33d) Importer(815301076,1909f56bfc062723c751e8b465ee728b)
Start importing Assets/craftpix-901177-free-2d-battle-tank-game-assets/PNG/Weapon_Color_B/Gun_07_A.png using Guid(5c505b65c4aa6404c9ccb0d11db5c33d) Importer(815301076,1909f56bfc062723c751e8b465ee728b)  -> (artifact id: '18f430bf95c11251a26662eca4353bd6') in 0.018754 seconds 
========================================================================
Received Import Request.
  Time since last request: 0.000026 seconds.
  path: Assets/craftpix-901177-free-2d-battle-tank-game-assets/PNG/Weapon_Color_B/Gun_07.png
  artifactKey: Guid(604e03f8cc9473a49a1ddeaf853f0ac5) Importer(815301076,1909f56bfc062723c751e8b465ee728b)
Start importing Assets/craftpix-901177-free-2d-battle-tank-game-assets/PNG/Weapon_Color_B/Gun_07.png using Guid(604e03f8cc9473a49a1ddeaf853f0ac5) Importer(815301076,1909f56bfc062723c751e8b465ee728b)  -> (artifact id: '90aa74449481f608be2b7c6059e60683') in 0.022783 seconds 
========================================================================
Received Import Request.
  Time since last request: 0.000057 seconds.
  path: Assets/craftpix-901177-free-2d-battle-tank-game-assets/PNG/Weapon_Color_B/Gun_08.png
  artifactKey: Guid(14e01cb3640ad2c42912e7d5fc553a87) Importer(815301076,1909f56bfc062723c751e8b465ee728b)
Start importing Assets/craftpix-901177-free-2d-battle-tank-game-assets/PNG/Weapon_Color_B/Gun_08.png using Guid(14e01cb3640ad2c42912e7d5fc553a87) Importer(815301076,1909f56bfc062723c751e8b465ee728b)  -> (artifact id: '04f0356afc36102182f10e17cd896dea') in 0.023848 seconds 
========================================================================
Received Import Request.
  Time since last request: 0.000021 seconds.
  path: Assets/craftpix-901177-free-2d-battle-tank-game-assets/PNG/Weapon_Color_B/Gun_04.png
  artifactKey: Guid(6e711e12db062bc429af020fbdf191ff) Importer(815301076,1909f56bfc062723c751e8b465ee728b)
Start importing Assets/craftpix-901177-free-2d-battle-tank-game-assets/PNG/Weapon_Color_B/Gun_04.png using Guid(6e711e12db062bc429af020fbdf191ff) Importer(815301076,1909f56bfc062723c751e8b465ee728b)  -> (artifact id: 'c8a546cff2cb7e5ab132941f683fab8f') in 0.022972 seconds 
========================================================================
Received Import Request.
  Time since last request: 42.000064 seconds.
  path: Assets/Prefab/Hull_04.prefab
  artifactKey: Guid(2c9da9630ad346a428981c6db33a7853) Importer(815301076,1909f56bfc062723c751e8b465ee728b)
Start importing Assets/Prefab/Hull_04.prefab using Guid(2c9da9630ad346a428981c6db33a7853) Importer(815301076,1909f56bfc062723c751e8b465ee728b)  -> (artifact id: 'fee1b75df900859abfd69b6d2eea1455') in 0.050588 seconds 
========================================================================
Received Prepare
Registering precompiled user dll's ...
Registered in 0.003584 seconds.
Begin MonoManager ReloadAssembly
Native extension for WindowsStandalone target not found
Refreshing native plugins compatible for Editor in 1.12 ms, found 4 plugins.
Preloading 0 native plugins for Editor in 0.00 ms.
Mono: successfully reloaded assembly
- Completed reload, in  0.906 seconds
Domain Reload Profiling:
	ReloadAssembly (907ms)
		BeginReloadAssembly (114ms)
			ExecutionOrderSort (0ms)
			DisableScriptedObjects (4ms)
			BackupInstance (0ms)
			ReleaseScriptingObjects (0ms)
			CreateAndSetChildDomain (35ms)
		EndReloadAssembly (700ms)
			LoadAssemblies (78ms)
			RebuildTransferFunctionScriptingTraits (0ms)
			SetupTypeCache (231ms)
			ReleaseScriptCaches (2ms)
			RebuildScriptCaches (40ms)
			SetupLoadedEditorAssemblies (303ms)
				LogAssemblyErrors (0ms)
				InitializePlatformSupportModulesInManaged (11ms)
				SetLoadedEditorAssemblies (0ms)
				RefreshPlugins (1ms)
				BeforeProcessingInitializeOnLoad (68ms)
				ProcessInitializeOnLoadAttributes (190ms)
				ProcessInitializeOnLoadMethodAttributes (29ms)
				AfterProcessingInitializeOnLoad (2ms)
				EditorAssembliesLoaded (0ms)
			ExecutionOrderSort2 (0ms)
			AwakeInstancesAfterBackupRestoration (7ms)
Platform modules already initialized, skipping
Refreshing native plugins compatible for Editor in 1.94 ms, found 4 plugins.
Preloading 0 native plugins for Editor in 0.00 ms.
Unloading 4403 Unused Serialized files (Serialized files now loaded: 0)
Unloading 32 unused Assets / (190.1 KB). Loaded Objects now: 4899.
Memory consumption went from 168.6 MB to 168.4 MB.
Total: 2.840100 ms (FindLiveObjects: 0.298800 ms CreateObjectMapping: 0.127400 ms MarkObjects: 2.279900 ms  DeleteObjects: 0.132900 ms)

AssetImportParameters requested are different than current active one (requested -> active):
  custom:video-decoder-ogg-theora: a1e56fd34408186e4bbccfd4996cb3dc -> 
  custom:container-muxer-webm: aa71ff27fc2769a1b78a27578f13a17b -> 
  custom:container-demuxer-webm: 4f35f7cbe854078d1ac9338744f61a02 -> 
  custom:video-encoder-webm-vp8: eb34c28f22e8b96e1ab97ce403110664 -> 
  custom:video-codec-MediaFoundation-h265: 746d11721c4dcdbdad8f713fa42b33f4 -> 
  custom:audio-encoder-webm-vorbis: bf7c407c2cedff20999df2af8eb42d56 -> 
  custom:framework-win-MediaFoundation: 216162199b28c13a410421893ffa2e32 -> 
  custom:container-demuxer-ogg: 62fdf1f143b41e24485cea50d1cbac27 -> 
  custom:video-decoder-webm-vp8: 9c59270c3fd7afecdb556c50c9e8de78 -> 
  custom:audio-decoder-ogg-vorbis: bf7c407c2cedff20999df2af8eb42d56 -> 
========================================================================
Received Import Request.
  Time since last request: 32.430923 seconds.
  path: Assets/Prefab/Hull_04.prefab
  artifactKey: Guid(2c9da9630ad346a428981c6db33a7853) Importer(815301076,1909f56bfc062723c751e8b465ee728b)
Start importing Assets/Prefab/Hull_04.prefab using Guid(2c9da9630ad346a428981c6db33a7853) Importer(815301076,1909f56bfc062723c751e8b465ee728b)  -> (artifact id: '38c1aa5e737f1e06904544049bba5f1e') in 0.051873 seconds 
========================================================================
Received Prepare
Registering precompiled user dll's ...
Registered in 0.003290 seconds.
Begin MonoManager ReloadAssembly
Native extension for WindowsStandalone target not found
Refreshing native plugins compatible for Editor in 0.70 ms, found 4 plugins.
Preloading 0 native plugins for Editor in 0.00 ms.
Mono: successfully reloaded assembly
- Completed reload, in  0.903 seconds
Domain Reload Profiling:
	ReloadAssembly (903ms)
		BeginReloadAssembly (118ms)
			ExecutionOrderSort (0ms)
			DisableScriptedObjects (5ms)
			BackupInstance (0ms)
			ReleaseScriptingObjects (0ms)
			CreateAndSetChildDomain (37ms)
		EndReloadAssembly (698ms)
			LoadAssemblies (73ms)
			RebuildTransferFunctionScriptingTraits (0ms)
			SetupTypeCache (291ms)
			ReleaseScriptCaches (1ms)
			RebuildScriptCaches (39ms)
			SetupLoadedEditorAssemblies (264ms)
				LogAssemblyErrors (0ms)
				InitializePlatformSupportModulesInManaged (8ms)
				SetLoadedEditorAssemblies (0ms)
				RefreshPlugins (1ms)
				BeforeProcessingInitializeOnLoad (49ms)
				ProcessInitializeOnLoadAttributes (176ms)
				ProcessInitializeOnLoadMethodAttributes (28ms)
				AfterProcessingInitializeOnLoad (2ms)
				EditorAssembliesLoaded (0ms)
			ExecutionOrderSort2 (0ms)
			AwakeInstancesAfterBackupRestoration (6ms)
Platform modules already initialized, skipping
Refreshing native plugins compatible for Editor in 1.63 ms, found 4 plugins.
Preloading 0 native plugins for Editor in 0.00 ms.
Unloading 4403 Unused Serialized files (Serialized files now loaded: 0)
Unloading 32 unused Assets / (190.2 KB). Loaded Objects now: 4902.
Memory consumption went from 168.6 MB to 168.4 MB.
Total: 3.498900 ms (FindLiveObjects: 0.274800 ms CreateObjectMapping: 0.125400 ms MarkObjects: 2.947100 ms  DeleteObjects: 0.150800 ms)

AssetImportParameters requested are different than current active one (requested -> active):
  custom:video-decoder-ogg-theora: a1e56fd34408186e4bbccfd4996cb3dc -> 
  custom:container-muxer-webm: aa71ff27fc2769a1b78a27578f13a17b -> 
  custom:container-demuxer-webm: 4f35f7cbe854078d1ac9338744f61a02 -> 
  custom:video-encoder-webm-vp8: eb34c28f22e8b96e1ab97ce403110664 -> 
  custom:video-codec-MediaFoundation-h265: 746d11721c4dcdbdad8f713fa42b33f4 -> 
  custom:audio-encoder-webm-vorbis: bf7c407c2cedff20999df2af8eb42d56 -> 
  custom:framework-win-MediaFoundation: 216162199b28c13a410421893ffa2e32 -> 
  custom:container-demuxer-ogg: 62fdf1f143b41e24485cea50d1cbac27 -> 
  custom:video-decoder-webm-vp8: 9c59270c3fd7afecdb556c50c9e8de78 -> 
  custom:audio-decoder-ogg-vorbis: bf7c407c2cedff20999df2af8eb42d56 -> 
========================================================================
Received Import Request.
  Time since last request: 44.708059 seconds.
  path: Assets/Scripts/EnemySpawn.cs
  artifactKey: Guid(7e7b5ee1cb9d1554191bd24b7d2c91be) Importer(815301076,1909f56bfc062723c751e8b465ee728b)
Start importing Assets/Scripts/EnemySpawn.cs using Guid(7e7b5ee1cb9d1554191bd24b7d2c91be) Importer(815301076,1909f56bfc062723c751e8b465ee728b)  -> (artifact id: '30c20ac3002103e187bc9b4c66e35c79') in 0.016808 seconds 
========================================================================
Received Prepare
Registering precompiled user dll's ...
Registered in 0.003556 seconds.
Begin MonoManager ReloadAssembly
Native extension for WindowsStandalone target not found
Refreshing native plugins compatible for Editor in 0.66 ms, found 4 plugins.
Preloading 0 native plugins for Editor in 0.00 ms.
Mono: successfully reloaded assembly
- Completed reload, in  0.839 seconds
Domain Reload Profiling:
	ReloadAssembly (840ms)
		BeginReloadAssembly (104ms)
			ExecutionOrderSort (0ms)
			DisableScriptedObjects (5ms)
			BackupInstance (0ms)
			ReleaseScriptingObjects (0ms)
			CreateAndSetChildDomain (34ms)
		EndReloadAssembly (650ms)
			LoadAssemblies (70ms)
			RebuildTransferFunctionScriptingTraits (0ms)
			SetupTypeCache (213ms)
			ReleaseScriptCaches (1ms)
			RebuildScriptCaches (40ms)
			SetupLoadedEditorAssemblies (288ms)
				LogAssemblyErrors (0ms)
				InitializePlatformSupportModulesInManaged (10ms)
				SetLoadedEditorAssemblies (0ms)
				RefreshPlugins (1ms)
				BeforeProcessingInitializeOnLoad (60ms)
				ProcessInitializeOnLoadAttributes (189ms)
				ProcessInitializeOnLoadMethodAttributes (27ms)
				AfterProcessingInitializeOnLoad (2ms)
				EditorAssembliesLoaded (0ms)
			ExecutionOrderSort2 (0ms)
			AwakeInstancesAfterBackupRestoration (6ms)
Platform modules already initialized, skipping
Refreshing native plugins compatible for Editor in 1.61 ms, found 4 plugins.
Preloading 0 native plugins for Editor in 0.00 ms.
Unloading 4403 Unused Serialized files (Serialized files now loaded: 0)
Unloading 32 unused Assets / (190.2 KB). Loaded Objects now: 4905.
Memory consumption went from 168.6 MB to 168.4 MB.
Total: 2.858500 ms (FindLiveObjects: 0.267600 ms CreateObjectMapping: 0.126600 ms MarkObjects: 2.324400 ms  DeleteObjects: 0.139200 ms)

AssetImportParameters requested are different than current active one (requested -> active):
  custom:video-decoder-ogg-theora: a1e56fd34408186e4bbccfd4996cb3dc -> 
  custom:container-muxer-webm: aa71ff27fc2769a1b78a27578f13a17b -> 
  custom:container-demuxer-webm: 4f35f7cbe854078d1ac9338744f61a02 -> 
  custom:video-encoder-webm-vp8: eb34c28f22e8b96e1ab97ce403110664 -> 
  custom:video-codec-MediaFoundation-h265: 746d11721c4dcdbdad8f713fa42b33f4 -> 
  custom:audio-encoder-webm-vorbis: bf7c407c2cedff20999df2af8eb42d56 -> 
  custom:framework-win-MediaFoundation: 216162199b28c13a410421893ffa2e32 -> 
  custom:container-demuxer-ogg: 62fdf1f143b41e24485cea50d1cbac27 -> 
  custom:video-decoder-webm-vp8: 9c59270c3fd7afecdb556c50c9e8de78 -> 
  custom:audio-decoder-ogg-vorbis: bf7c407c2cedff20999df2af8eb42d56 -> 
========================================================================
Received Import Request.
  Time since last request: 553.338694 seconds.
  path: Assets/Scripts/EnemySpawn.cs
  artifactKey: Guid(7e7b5ee1cb9d1554191bd24b7d2c91be) Importer(815301076,1909f56bfc062723c751e8b465ee728b)
Start importing Assets/Scripts/EnemySpawn.cs using Guid(7e7b5ee1cb9d1554191bd24b7d2c91be) Importer(815301076,1909f56bfc062723c751e8b465ee728b)  -> (artifact id: '631e5a93a7d3cc38e1a98a9c84b8d800') in 0.007224 seconds 
========================================================================
Received Prepare
Registering precompiled user dll's ...
Registered in 0.003175 seconds.
Begin MonoManager ReloadAssembly
Native extension for WindowsStandalone target not found
Refreshing native plugins compatible for Editor in 1.95 ms, found 4 plugins.
Preloading 0 native plugins for Editor in 0.00 ms.
Mono: successfully reloaded assembly
- Completed reload, in  1.013 seconds
Domain Reload Profiling:
	ReloadAssembly (1014ms)
		BeginReloadAssembly (121ms)
			ExecutionOrderSort (0ms)
			DisableScriptedObjects (6ms)
			BackupInstance (0ms)
			ReleaseScriptingObjects (0ms)
			CreateAndSetChildDomain (40ms)
		EndReloadAssembly (821ms)
			LoadAssemblies (78ms)
			RebuildTransferFunctionScriptingTraits (0ms)
			SetupTypeCache (259ms)
			ReleaseScriptCaches (2ms)
			RebuildScriptCaches (58ms)
			SetupLoadedEditorAssemblies (364ms)
				LogAssemblyErrors (0ms)
				InitializePlatformSupportModulesInManaged (13ms)
				SetLoadedEditorAssemblies (1ms)
				RefreshPlugins (2ms)
				BeforeProcessingInitializeOnLoad (79ms)
				ProcessInitializeOnLoadAttributes (237ms)
				ProcessInitializeOnLoadMethodAttributes (30ms)
				AfterProcessingInitializeOnLoad (2ms)
				EditorAssembliesLoaded (0ms)
			ExecutionOrderSort2 (0ms)
			AwakeInstancesAfterBackupRestoration (6ms)
Platform modules already initialized, skipping
Refreshing native plugins compatible for Editor in 1.72 ms, found 4 plugins.
Preloading 0 native plugins for Editor in 0.00 ms.
Unloading 4403 Unused Serialized files (Serialized files now loaded: 0)
Unloading 32 unused Assets / (189.8 KB). Loaded Objects now: 4908.
Memory consumption went from 168.6 MB to 168.4 MB.
Total: 2.995200 ms (FindLiveObjects: 0.312500 ms CreateObjectMapping: 0.121700 ms MarkObjects: 2.411900 ms  DeleteObjects: 0.148300 ms)

AssetImportParameters requested are different than current active one (requested -> active):
  custom:video-decoder-ogg-theora: a1e56fd34408186e4bbccfd4996cb3dc -> 
  custom:container-muxer-webm: aa71ff27fc2769a1b78a27578f13a17b -> 
  custom:container-demuxer-webm: 4f35f7cbe854078d1ac9338744f61a02 -> 
  custom:video-encoder-webm-vp8: eb34c28f22e8b96e1ab97ce403110664 -> 
  custom:video-codec-MediaFoundation-h265: 746d11721c4dcdbdad8f713fa42b33f4 -> 
  custom:audio-encoder-webm-vorbis: bf7c407c2cedff20999df2af8eb42d56 -> 
  custom:framework-win-MediaFoundation: 216162199b28c13a410421893ffa2e32 -> 
  custom:container-demuxer-ogg: 62fdf1f143b41e24485cea50d1cbac27 -> 
  custom:video-decoder-webm-vp8: 9c59270c3fd7afecdb556c50c9e8de78 -> 
  custom:audio-decoder-ogg-vorbis: bf7c407c2cedff20999df2af8eb42d56 -> 
========================================================================
Received Import Request.
  Time since last request: 131.006621 seconds.
  path: Assets/Prefab/Hull_04.prefab
  artifactKey: Guid(2c9da9630ad346a428981c6db33a7853) Importer(815301076,1909f56bfc062723c751e8b465ee728b)
Start importing Assets/Prefab/Hull_04.prefab using Guid(2c9da9630ad346a428981c6db33a7853) Importer(815301076,1909f56bfc062723c751e8b465ee728b)  -> (artifact id: 'd957ce87225e0e9e1e899ea1e068e493') in 0.045625 seconds 
========================================================================
Received Prepare
Registering precompiled user dll's ...
Registered in 0.003368 seconds.
Begin MonoManager ReloadAssembly
Native extension for WindowsStandalone target not found
Refreshing native plugins compatible for Editor in 1.58 ms, found 4 plugins.
Preloading 0 native plugins for Editor in 0.00 ms.
Mono: successfully reloaded assembly
- Completed reload, in  1.041 seconds
Domain Reload Profiling:
	ReloadAssembly (1042ms)
		BeginReloadAssembly (128ms)
			ExecutionOrderSort (0ms)
			DisableScriptedObjects (5ms)
			BackupInstance (0ms)
			ReleaseScriptingObjects (0ms)
			CreateAndSetChildDomain (47ms)
		EndReloadAssembly (837ms)
			LoadAssemblies (75ms)
			RebuildTransferFunctionScriptingTraits (0ms)
			SetupTypeCache (233ms)
			ReleaseScriptCaches (2ms)
			RebuildScriptCaches (52ms)
			SetupLoadedEditorAssemblies (416ms)
				LogAssemblyErrors (0ms)
				InitializePlatformSupportModulesInManaged (12ms)
				SetLoadedEditorAssemblies (1ms)
				RefreshPlugins (2ms)
				BeforeProcessingInitializeOnLoad (79ms)
				ProcessInitializeOnLoadAttributes (285ms)
				ProcessInitializeOnLoadMethodAttributes (35ms)
				AfterProcessingInitializeOnLoad (3ms)
				EditorAssembliesLoaded (0ms)
			ExecutionOrderSort2 (0ms)
			AwakeInstancesAfterBackupRestoration (8ms)
Platform modules already initialized, skipping
Refreshing native plugins compatible for Editor in 1.57 ms, found 4 plugins.
Preloading 0 native plugins for Editor in 0.00 ms.
Unloading 4403 Unused Serialized files (Serialized files now loaded: 0)
Unloading 32 unused Assets / (189.8 KB). Loaded Objects now: 4911.
Memory consumption went from 168.6 MB to 168.4 MB.
Total: 2.877400 ms (FindLiveObjects: 0.324800 ms CreateObjectMapping: 0.141100 ms MarkObjects: 2.230100 ms  DeleteObjects: 0.180700 ms)

AssetImportParameters requested are different than current active one (requested -> active):
  custom:video-decoder-ogg-theora: a1e56fd34408186e4bbccfd4996cb3dc -> 
  custom:container-muxer-webm: aa71ff27fc2769a1b78a27578f13a17b -> 
  custom:container-demuxer-webm: 4f35f7cbe854078d1ac9338744f61a02 -> 
  custom:video-encoder-webm-vp8: eb34c28f22e8b96e1ab97ce403110664 -> 
  custom:video-codec-MediaFoundation-h265: 746d11721c4dcdbdad8f713fa42b33f4 -> 
  custom:audio-encoder-webm-vorbis: bf7c407c2cedff20999df2af8eb42d56 -> 
  custom:framework-win-MediaFoundation: 216162199b28c13a410421893ffa2e32 -> 
  custom:container-demuxer-ogg: 62fdf1f143b41e24485cea50d1cbac27 -> 
  custom:video-decoder-webm-vp8: 9c59270c3fd7afecdb556c50c9e8de78 -> 
  custom:audio-decoder-ogg-vorbis: bf7c407c2cedff20999df2af8eb42d56 -> 
========================================================================
Received Prepare
Registering precompiled user dll's ...
Registered in 0.002853 seconds.
Begin MonoManager ReloadAssembly
Native extension for WindowsStandalone target not found
Refreshing native plugins compatible for Editor in 1.15 ms, found 4 plugins.
Preloading 0 native plugins for Editor in 0.00 ms.
Mono: successfully reloaded assembly
- Completed reload, in  1.039 seconds
Domain Reload Profiling:
	ReloadAssembly (1040ms)
		BeginReloadAssembly (104ms)
			ExecutionOrderSort (0ms)
			DisableScriptedObjects (5ms)
			BackupInstance (0ms)
			ReleaseScriptingObjects (0ms)
			CreateAndSetChildDomain (34ms)
		EndReloadAssembly (860ms)
			LoadAssemblies (63ms)
			RebuildTransferFunctionScriptingTraits (0ms)
			SetupTypeCache (224ms)
			ReleaseScriptCaches (2ms)
			RebuildScriptCaches (53ms)
			SetupLoadedEditorAssemblies (455ms)
				LogAssemblyErrors (0ms)
				InitializePlatformSupportModulesInManaged (10ms)
				SetLoadedEditorAssemblies (0ms)
				RefreshPlugins (1ms)
				BeforeProcessingInitializeOnLoad (70ms)
				ProcessInitializeOnLoadAttributes (330ms)
				ProcessInitializeOnLoadMethodAttributes (42ms)
				AfterProcessingInitializeOnLoad (2ms)
				EditorAssembliesLoaded (0ms)
			ExecutionOrderSort2 (0ms)
			AwakeInstancesAfterBackupRestoration (6ms)
Platform modules already initialized, skipping
Refreshing native plugins compatible for Editor in 1.64 ms, found 4 plugins.
Preloading 0 native plugins for Editor in 0.00 ms.
Unloading 4403 Unused Serialized files (Serialized files now loaded: 0)
Unloading 32 unused Assets / (189.7 KB). Loaded Objects now: 4914.
Memory consumption went from 168.6 MB to 168.4 MB.
Total: 3.005600 ms (FindLiveObjects: 0.278900 ms CreateObjectMapping: 0.126500 ms MarkObjects: 2.437200 ms  DeleteObjects: 0.162000 ms)

AssetImportParameters requested are different than current active one (requested -> active):
  custom:video-decoder-ogg-theora: a1e56fd34408186e4bbccfd4996cb3dc -> 
  custom:container-muxer-webm: aa71ff27fc2769a1b78a27578f13a17b -> 
  custom:container-demuxer-webm: 4f35f7cbe854078d1ac9338744f61a02 -> 
  custom:video-encoder-webm-vp8: eb34c28f22e8b96e1ab97ce403110664 -> 
  custom:video-codec-MediaFoundation-h265: 746d11721c4dcdbdad8f713fa42b33f4 -> 
  custom:audio-encoder-webm-vorbis: bf7c407c2cedff20999df2af8eb42d56 -> 
  custom:framework-win-MediaFoundation: 216162199b28c13a410421893ffa2e32 -> 
  custom:container-demuxer-ogg: 62fdf1f143b41e24485cea50d1cbac27 -> 
  custom:video-decoder-webm-vp8: 9c59270c3fd7afecdb556c50c9e8de78 -> 
  custom:audio-decoder-ogg-vorbis: bf7c407c2cedff20999df2af8eb42d56 -> 
========================================================================
Received Prepare
Registering precompiled user dll's ...
Registered in 0.005092 seconds.
Begin MonoManager ReloadAssembly
Native extension for WindowsStandalone target not found
Refreshing native plugins compatible for Editor in 0.88 ms, found 4 plugins.
Preloading 0 native plugins for Editor in 0.00 ms.
Mono: successfully reloaded assembly
- Completed reload, in  1.122 seconds
Domain Reload Profiling:
	ReloadAssembly (1123ms)
		BeginReloadAssembly (109ms)
			ExecutionOrderSort (0ms)
			DisableScriptedObjects (5ms)
			BackupInstance (0ms)
			ReleaseScriptingObjects (0ms)
			CreateAndSetChildDomain (40ms)
		EndReloadAssembly (919ms)
			LoadAssemblies (63ms)
			RebuildTransferFunctionScriptingTraits (0ms)
			SetupTypeCache (280ms)
			ReleaseScriptCaches (3ms)
			RebuildScriptCaches (68ms)
			SetupLoadedEditorAssemblies (415ms)
				LogAssemblyErrors (0ms)
				InitializePlatformSupportModulesInManaged (15ms)
				SetLoadedEditorAssemblies (0ms)
				RefreshPlugins (1ms)
				BeforeProcessingInitializeOnLoad (67ms)
				ProcessInitializeOnLoadAttributes (282ms)
				ProcessInitializeOnLoadMethodAttributes (46ms)
				AfterProcessingInitializeOnLoad (3ms)
				EditorAssembliesLoaded (0ms)
			ExecutionOrderSort2 (0ms)
			AwakeInstancesAfterBackupRestoration (13ms)
Platform modules already initialized, skipping
Refreshing native plugins compatible for Editor in 3.76 ms, found 4 plugins.
Preloading 0 native plugins for Editor in 0.00 ms.
Unloading 4403 Unused Serialized files (Serialized files now loaded: 0)
Unloading 32 unused Assets / (189.8 KB). Loaded Objects now: 4917.
Memory consumption went from 168.6 MB to 168.4 MB.
Total: 3.432000 ms (FindLiveObjects: 0.344900 ms CreateObjectMapping: 0.537700 ms MarkObjects: 2.400500 ms  DeleteObjects: 0.147100 ms)

AssetImportParameters requested are different than current active one (requested -> active):
  custom:video-decoder-ogg-theora: a1e56fd34408186e4bbccfd4996cb3dc -> 
  custom:container-muxer-webm: aa71ff27fc2769a1b78a27578f13a17b -> 
  custom:container-demuxer-webm: 4f35f7cbe854078d1ac9338744f61a02 -> 
  custom:video-encoder-webm-vp8: eb34c28f22e8b96e1ab97ce403110664 -> 
  custom:video-codec-MediaFoundation-h265: 746d11721c4dcdbdad8f713fa42b33f4 -> 
  custom:audio-encoder-webm-vorbis: bf7c407c2cedff20999df2af8eb42d56 -> 
  custom:framework-win-MediaFoundation: 216162199b28c13a410421893ffa2e32 -> 
  custom:container-demuxer-ogg: 62fdf1f143b41e24485cea50d1cbac27 -> 
  custom:video-decoder-webm-vp8: 9c59270c3fd7afecdb556c50c9e8de78 -> 
  custom:audio-decoder-ogg-vorbis: bf7c407c2cedff20999df2af8eb42d56 -> 
========================================================================
Received Prepare
Registering precompiled user dll's ...
Registered in 0.004444 seconds.
Begin MonoManager ReloadAssembly
Native extension for WindowsStandalone target not found
Refreshing native plugins compatible for Editor in 0.70 ms, found 4 plugins.
Preloading 0 native plugins for Editor in 0.00 ms.
Mono: successfully reloaded assembly
- Completed reload, in  0.811 seconds
Domain Reload Profiling:
	ReloadAssembly (812ms)
		BeginReloadAssembly (108ms)
			ExecutionOrderSort (0ms)
			DisableScriptedObjects (7ms)
			BackupInstance (0ms)
			ReleaseScriptingObjects (0ms)
			CreateAndSetChildDomain (30ms)
		EndReloadAssembly (607ms)
			LoadAssemblies (69ms)
			RebuildTransferFunctionScriptingTraits (0ms)
			SetupTypeCache (194ms)
			ReleaseScriptCaches (2ms)
			RebuildScriptCaches (35ms)
			SetupLoadedEditorAssemblies (277ms)
				LogAssemblyErrors (0ms)
				InitializePlatformSupportModulesInManaged (8ms)
				SetLoadedEditorAssemblies (0ms)
				RefreshPlugins (1ms)
				BeforeProcessingInitializeOnLoad (53ms)
				ProcessInitializeOnLoadAttributes (183ms)
				ProcessInitializeOnLoadMethodAttributes (30ms)
				AfterProcessingInitializeOnLoad (2ms)
				EditorAssembliesLoaded (0ms)
			ExecutionOrderSort2 (0ms)
			AwakeInstancesAfterBackupRestoration (6ms)
Platform modules already initialized, skipping
Refreshing native plugins compatible for Editor in 1.62 ms, found 4 plugins.
Preloading 0 native plugins for Editor in 0.00 ms.
Unloading 4403 Unused Serialized files (Serialized files now loaded: 0)
Unloading 32 unused Assets / (189.7 KB). Loaded Objects now: 4920.
Memory consumption went from 168.6 MB to 168.4 MB.
Total: 2.712600 ms (FindLiveObjects: 0.268800 ms CreateObjectMapping: 0.120800 ms MarkObjects: 2.192600 ms  DeleteObjects: 0.129300 ms)

AssetImportParameters requested are different than current active one (requested -> active):
  custom:video-decoder-ogg-theora: a1e56fd34408186e4bbccfd4996cb3dc -> 
  custom:container-muxer-webm: aa71ff27fc2769a1b78a27578f13a17b -> 
  custom:container-demuxer-webm: 4f35f7cbe854078d1ac9338744f61a02 -> 
  custom:video-encoder-webm-vp8: eb34c28f22e8b96e1ab97ce403110664 -> 
  custom:video-codec-MediaFoundation-h265: 746d11721c4dcdbdad8f713fa42b33f4 -> 
  custom:audio-encoder-webm-vorbis: bf7c407c2cedff20999df2af8eb42d56 -> 
  custom:framework-win-MediaFoundation: 216162199b28c13a410421893ffa2e32 -> 
  custom:container-demuxer-ogg: 62fdf1f143b41e24485cea50d1cbac27 -> 
  custom:video-decoder-webm-vp8: 9c59270c3fd7afecdb556c50c9e8de78 -> 
  custom:audio-decoder-ogg-vorbis: bf7c407c2cedff20999df2af8eb42d56 -> 
========================================================================
Received Prepare
Registering precompiled user dll's ...
Registered in 0.003312 seconds.
Begin MonoManager ReloadAssembly
Native extension for WindowsStandalone target not found
Refreshing native plugins compatible for Editor in 0.85 ms, found 4 plugins.
Preloading 0 native plugins for Editor in 0.00 ms.
Mono: successfully reloaded assembly
- Completed reload, in  0.980 seconds
Domain Reload Profiling:
	ReloadAssembly (980ms)
		BeginReloadAssembly (116ms)
			ExecutionOrderSort (0ms)
			DisableScriptedObjects (5ms)
			BackupInstance (0ms)
			ReleaseScriptingObjects (0ms)
			CreateAndSetChildDomain (42ms)
		EndReloadAssembly (789ms)
			LoadAssemblies (69ms)
			RebuildTransferFunctionScriptingTraits (0ms)
			SetupTypeCache (260ms)
			ReleaseScriptCaches (3ms)
			RebuildScriptCaches (60ms)
			SetupLoadedEditorAssemblies (343ms)
				LogAssemblyErrors (0ms)
				InitializePlatformSupportModulesInManaged (13ms)
				SetLoadedEditorAssemblies (1ms)
				RefreshPlugins (1ms)
				BeforeProcessingInitializeOnLoad (68ms)
				ProcessInitializeOnLoadAttributes (225ms)
				ProcessInitializeOnLoadMethodAttributes (32ms)
				AfterProcessingInitializeOnLoad (3ms)
				EditorAssembliesLoaded (0ms)
			ExecutionOrderSort2 (0ms)
			AwakeInstancesAfterBackupRestoration (6ms)
Platform modules already initialized, skipping
Refreshing native plugins compatible for Editor in 2.44 ms, found 4 plugins.
Preloading 0 native plugins for Editor in 0.00 ms.
Unloading 4403 Unused Serialized files (Serialized files now loaded: 0)
Unloading 32 unused Assets / (189.7 KB). Loaded Objects now: 4923.
Memory consumption went from 168.6 MB to 168.4 MB.
Total: 3.379000 ms (FindLiveObjects: 0.377600 ms CreateObjectMapping: 0.135200 ms MarkObjects: 2.721300 ms  DeleteObjects: 0.143900 ms)

AssetImportParameters requested are different than current active one (requested -> active):
  custom:video-decoder-ogg-theora: a1e56fd34408186e4bbccfd4996cb3dc -> 
  custom:container-muxer-webm: aa71ff27fc2769a1b78a27578f13a17b -> 
  custom:container-demuxer-webm: 4f35f7cbe854078d1ac9338744f61a02 -> 
  custom:video-encoder-webm-vp8: eb34c28f22e8b96e1ab97ce403110664 -> 
  custom:video-codec-MediaFoundation-h265: 746d11721c4dcdbdad8f713fa42b33f4 -> 
  custom:audio-encoder-webm-vorbis: bf7c407c2cedff20999df2af8eb42d56 -> 
  custom:framework-win-MediaFoundation: 216162199b28c13a410421893ffa2e32 -> 
  custom:container-demuxer-ogg: 62fdf1f143b41e24485cea50d1cbac27 -> 
  custom:video-decoder-webm-vp8: 9c59270c3fd7afecdb556c50c9e8de78 -> 
  custom:audio-decoder-ogg-vorbis: bf7c407c2cedff20999df2af8eb42d56 -> 
========================================================================
Received Prepare
Registering precompiled user dll's ...
Registered in 0.003893 seconds.
Begin MonoManager ReloadAssembly
Native extension for WindowsStandalone target not found
Refreshing native plugins compatible for Editor in 1.05 ms, found 4 plugins.
Preloading 0 native plugins for Editor in 0.00 ms.
Mono: successfully reloaded assembly
- Completed reload, in  1.050 seconds
Domain Reload Profiling:
	ReloadAssembly (1051ms)
		BeginReloadAssembly (116ms)
			ExecutionOrderSort (0ms)
			DisableScriptedObjects (6ms)
			BackupInstance (0ms)
			ReleaseScriptingObjects (0ms)
			CreateAndSetChildDomain (39ms)
		EndReloadAssembly (851ms)
			LoadAssemblies (68ms)
			RebuildTransferFunctionScriptingTraits (0ms)
			SetupTypeCache (238ms)
			ReleaseScriptCaches (3ms)
			RebuildScriptCaches (55ms)
			SetupLoadedEditorAssemblies (428ms)
				LogAssemblyErrors (0ms)
				InitializePlatformSupportModulesInManaged (13ms)
				SetLoadedEditorAssemblies (1ms)
				RefreshPlugins (1ms)
				BeforeProcessingInitializeOnLoad (77ms)
				ProcessInitializeOnLoadAttributes (285ms)
				ProcessInitializeOnLoadMethodAttributes (49ms)
				AfterProcessingInitializeOnLoad (2ms)
				EditorAssembliesLoaded (0ms)
			ExecutionOrderSort2 (0ms)
			AwakeInstancesAfterBackupRestoration (9ms)
Platform modules already initialized, skipping
Refreshing native plugins compatible for Editor in 2.90 ms, found 4 plugins.
Preloading 0 native plugins for Editor in 0.00 ms.
Unloading 4403 Unused Serialized files (Serialized files now loaded: 0)
Unloading 32 unused Assets / (189.9 KB). Loaded Objects now: 4926.
Memory consumption went from 168.6 MB to 168.5 MB.
Total: 4.401100 ms (FindLiveObjects: 0.407700 ms CreateObjectMapping: 0.249200 ms MarkObjects: 3.570500 ms  DeleteObjects: 0.172600 ms)

AssetImportParameters requested are different than current active one (requested -> active):
  custom:video-decoder-ogg-theora: a1e56fd34408186e4bbccfd4996cb3dc -> 
  custom:container-muxer-webm: aa71ff27fc2769a1b78a27578f13a17b -> 
  custom:container-demuxer-webm: 4f35f7cbe854078d1ac9338744f61a02 -> 
  custom:video-encoder-webm-vp8: eb34c28f22e8b96e1ab97ce403110664 -> 
  custom:video-codec-MediaFoundation-h265: 746d11721c4dcdbdad8f713fa42b33f4 -> 
  custom:audio-encoder-webm-vorbis: bf7c407c2cedff20999df2af8eb42d56 -> 
  custom:framework-win-MediaFoundation: 216162199b28c13a410421893ffa2e32 -> 
  custom:container-demuxer-ogg: 62fdf1f143b41e24485cea50d1cbac27 -> 
  custom:video-decoder-webm-vp8: 9c59270c3fd7afecdb556c50c9e8de78 -> 
  custom:audio-decoder-ogg-vorbis: bf7c407c2cedff20999df2af8eb42d56 -> 
========================================================================
Received Prepare
Registering precompiled user dll's ...
Registered in 0.005484 seconds.
Begin MonoManager ReloadAssembly
Native extension for WindowsStandalone target not found
Refreshing native plugins compatible for Editor in 1.07 ms, found 4 plugins.
Preloading 0 native plugins for Editor in 0.00 ms.
Mono: successfully reloaded assembly
- Completed reload, in  0.796 seconds
Domain Reload Profiling:
	ReloadAssembly (796ms)
		BeginReloadAssembly (119ms)
			ExecutionOrderSort (0ms)
			DisableScriptedObjects (7ms)
			BackupInstance (0ms)
			ReleaseScriptingObjects (0ms)
			CreateAndSetChildDomain (35ms)
		EndReloadAssembly (606ms)
			LoadAssemblies (72ms)
			RebuildTransferFunctionScriptingTraits (0ms)
			SetupTypeCache (190ms)
			ReleaseScriptCaches (1ms)
			RebuildScriptCaches (36ms)
			SetupLoadedEditorAssemblies (281ms)
				LogAssemblyErrors (0ms)
				InitializePlatformSupportModulesInManaged (12ms)
				SetLoadedEditorAssemblies (1ms)
				RefreshPlugins (1ms)
				BeforeProcessingInitializeOnLoad (55ms)
				ProcessInitializeOnLoadAttributes (183ms)
				ProcessInitializeOnLoadMethodAttributes (26ms)
				AfterProcessingInitializeOnLoad (4ms)
				EditorAssembliesLoaded (0ms)
			ExecutionOrderSort2 (0ms)
			AwakeInstancesAfterBackupRestoration (7ms)
Platform modules already initialized, skipping
Refreshing native plugins compatible for Editor in 1.78 ms, found 4 plugins.
Preloading 0 native plugins for Editor in 0.00 ms.
Unloading 4404 Unused Serialized files (Serialized files now loaded: 0)
Unloading 32 unused Assets / (190.0 KB). Loaded Objects now: 4930.
Memory consumption went from 168.7 MB to 168.5 MB.
Total: 3.000700 ms (FindLiveObjects: 0.258300 ms CreateObjectMapping: 0.113300 ms MarkObjects: 2.501400 ms  DeleteObjects: 0.127200 ms)

AssetImportParameters requested are different than current active one (requested -> active):
  custom:video-decoder-ogg-theora: a1e56fd34408186e4bbccfd4996cb3dc -> 
  custom:container-muxer-webm: aa71ff27fc2769a1b78a27578f13a17b -> 
  custom:container-demuxer-webm: 4f35f7cbe854078d1ac9338744f61a02 -> 
  custom:video-encoder-webm-vp8: eb34c28f22e8b96e1ab97ce403110664 -> 
  custom:video-codec-MediaFoundation-h265: 746d11721c4dcdbdad8f713fa42b33f4 -> 
  custom:audio-encoder-webm-vorbis: bf7c407c2cedff20999df2af8eb42d56 -> 
  custom:framework-win-MediaFoundation: 216162199b28c13a410421893ffa2e32 -> 
  custom:container-demuxer-ogg: 62fdf1f143b41e24485cea50d1cbac27 -> 
  custom:video-decoder-webm-vp8: 9c59270c3fd7afecdb556c50c9e8de78 -> 
  custom:audio-decoder-ogg-vorbis: bf7c407c2cedff20999df2af8eb42d56 -> 
========================================================================
Received Import Request.
  Time since last request: 325.349923 seconds.
  path: Assets/EnemyDestroy.cs
  artifactKey: Guid(dbb17d1b5faecff45a00354a2da0fd2d) Importer(815301076,1909f56bfc062723c751e8b465ee728b)
Start importing Assets/EnemyDestroy.cs using Guid(dbb17d1b5faecff45a00354a2da0fd2d) Importer(815301076,1909f56bfc062723c751e8b465ee728b)  -> (artifact id: '484907358b7c1d86dd6a5ff5b94f5440') in 0.010778 seconds 
========================================================================
Received Prepare
Registering precompiled user dll's ...
Registered in 0.003901 seconds.
Begin MonoManager ReloadAssembly
Native extension for WindowsStandalone target not found
Refreshing native plugins compatible for Editor in 0.66 ms, found 4 plugins.
Preloading 0 native plugins for Editor in 0.00 ms.
Mono: successfully reloaded assembly
- Completed reload, in  0.807 seconds
Domain Reload Profiling:
	ReloadAssembly (808ms)
		BeginReloadAssembly (115ms)
			ExecutionOrderSort (0ms)
			DisableScriptedObjects (6ms)
			BackupInstance (0ms)
			ReleaseScriptingObjects (0ms)
			CreateAndSetChildDomain (37ms)
		EndReloadAssembly (616ms)
			LoadAssemblies (68ms)
			RebuildTransferFunctionScriptingTraits (0ms)
			SetupTypeCache (201ms)
			ReleaseScriptCaches (1ms)
			RebuildScriptCaches (35ms)
			SetupLoadedEditorAssemblies (276ms)
				LogAssemblyErrors (0ms)
				InitializePlatformSupportModulesInManaged (8ms)
				SetLoadedEditorAssemblies (0ms)
				RefreshPlugins (1ms)
				BeforeProcessingInitializeOnLoad (50ms)
				ProcessInitializeOnLoadAttributes (181ms)
				ProcessInitializeOnLoadMethodAttributes (33ms)
				AfterProcessingInitializeOnLoad (2ms)
				EditorAssembliesLoaded (0ms)
			ExecutionOrderSort2 (0ms)
			AwakeInstancesAfterBackupRestoration (6ms)
Platform modules already initialized, skipping
Refreshing native plugins compatible for Editor in 1.66 ms, found 4 plugins.
Preloading 0 native plugins for Editor in 0.00 ms.
Unloading 4404 Unused Serialized files (Serialized files now loaded: 0)
Unloading 32 unused Assets / (189.7 KB). Loaded Objects now: 4933.
Memory consumption went from 168.7 MB to 168.5 MB.
Total: 3.562900 ms (FindLiveObjects: 0.251000 ms CreateObjectMapping: 0.113000 ms MarkObjects: 3.066100 ms  DeleteObjects: 0.132000 ms)

AssetImportParameters requested are different than current active one (requested -> active):
  custom:video-decoder-ogg-theora: a1e56fd34408186e4bbccfd4996cb3dc -> 
  custom:container-muxer-webm: aa71ff27fc2769a1b78a27578f13a17b -> 
  custom:container-demuxer-webm: 4f35f7cbe854078d1ac9338744f61a02 -> 
  custom:video-encoder-webm-vp8: eb34c28f22e8b96e1ab97ce403110664 -> 
  custom:video-codec-MediaFoundation-h265: 746d11721c4dcdbdad8f713fa42b33f4 -> 
  custom:audio-encoder-webm-vorbis: bf7c407c2cedff20999df2af8eb42d56 -> 
  custom:framework-win-MediaFoundation: 216162199b28c13a410421893ffa2e32 -> 
  custom:container-demuxer-ogg: 62fdf1f143b41e24485cea50d1cbac27 -> 
  custom:video-decoder-webm-vp8: 9c59270c3fd7afecdb556c50c9e8de78 -> 
  custom:audio-decoder-ogg-vorbis: bf7c407c2cedff20999df2af8eb42d56 -> 
