Using pre-set license
Built from '2021.3/staging' branch; Version is '2021.3.7f1 (24e8595d6d43) revision 2418777'; Using compiler version '192829333'; Build Type 'Release'
OS: 'Windows 10  (10.0.19044) 64bit CoreSingleLanguage' Language: 'en' Physical Memory: 16061 MB
BatchMode: 1, IsHumanControllingUs: 0, StartBugReporterOnCrash: 0, Is64bit: 1, IsPro: 1

COMMAND LINE ARGUMENTS:
D:\UNity\2021.3.7f1\Editor\Unity.exe
-adb2
-batchMode
-noUpm
-name
AssetImportWorker1
-projectPath
D:/Unnity projects/Tanks
-logFile
Logs/AssetImportWorker1.log
-srvPort
56999
Successfully changed project path to: D:/Unnity projects/Tanks
D:/Unnity projects/Tanks
[UnityMemory] Configuration Parameters - Can be set up in boot.config
    "memorysetup-bucket-allocator-granularity=16"
    "memorysetup-bucket-allocator-bucket-count=8"
    "memorysetup-bucket-allocator-block-size=33554432"
    "memorysetup-bucket-allocator-block-count=8"
    "memorysetup-main-allocator-block-size=16777216"
    "memorysetup-thread-allocator-block-size=16777216"
    "memorysetup-gfx-main-allocator-block-size=16777216"
    "memorysetup-gfx-thread-allocator-block-size=16777216"
    "memorysetup-cache-allocator-block-size=4194304"
    "memorysetup-typetree-allocator-block-size=2097152"
    "memorysetup-profiler-bucket-allocator-granularity=16"
    "memorysetup-profiler-bucket-allocator-bucket-count=8"
    "memorysetup-profiler-bucket-allocator-block-size=33554432"
    "memorysetup-profiler-bucket-allocator-block-count=8"
    "memorysetup-profiler-allocator-block-size=16777216"
    "memorysetup-profiler-editor-allocator-block-size=1048576"
    "memorysetup-temp-allocator-size-main=16777216"
    "memorysetup-job-temp-allocator-block-size=2097152"
    "memorysetup-job-temp-allocator-block-size-background=1048576"
    "memorysetup-job-temp-allocator-reduction-small-platforms=262144"
    "memorysetup-temp-allocator-size-background-worker=32768"
    "memorysetup-temp-allocator-size-job-worker=262144"
    "memorysetup-temp-allocator-size-preload-manager=33554432"
    "memorysetup-temp-allocator-size-nav-mesh-worker=65536"
    "memorysetup-temp-allocator-size-audio-worker=65536"
    "memorysetup-temp-allocator-size-cloud-worker=32768"
    "memorysetup-temp-allocator-size-gi-baking-worker=262144"
    "memorysetup-temp-allocator-size-gfx=262144"
Refreshing native plugins compatible for Editor in 79.73 ms, found 4 plugins.
Preloading 0 native plugins for Editor in 0.00 ms.
Initialize engine version: 2021.3.7f1 (24e8595d6d43)
[Subsystems] Discovering subsystems at path D:/UNity/2021.3.7f1/Editor/Data/Resources/UnitySubsystems
[Subsystems] Discovering subsystems at path D:/Unnity projects/Tanks/Assets
GfxDevice: creating device client; threaded=0; jobified=0
Direct3D:
    Version:  Direct3D 11.0 [level 11.1]
    Renderer: NVIDIA GeForce RTX 3050 Laptop GPU (ID=0x25a2)
    Vendor:   NVIDIA
    VRAM:     3991 MB
    Driver:   31.0.15.1748
Initialize mono
Mono path[0] = 'D:/UNity/2021.3.7f1/Editor/Data/Managed'
Mono path[1] = 'D:/UNity/2021.3.7f1/Editor/Data/MonoBleedingEdge/lib/mono/unityjit-win32'
Mono config path = 'D:/UNity/2021.3.7f1/Editor/Data/MonoBleedingEdge/etc'
Using monoOptions --debugger-agent=transport=dt_socket,embedding=1,server=y,suspend=n,address=127.0.0.1:56248
Begin MonoManager ReloadAssembly
Registering precompiled unity dll's ...
Register platform support module: D:/UNity/2021.3.7f1/Editor/Data/PlaybackEngines/WindowsStandaloneSupport/UnityEditor.WindowsStandalone.Extensions.dll
Registered in 0.001859 seconds.
Native extension for WindowsStandalone target not found
Refreshing native plugins compatible for Editor in 91.22 ms, found 4 plugins.
Preloading 0 native plugins for Editor in 0.00 ms.
Mono: successfully reloaded assembly
- Completed reload, in  0.510 seconds
Domain Reload Profiling:
	ReloadAssembly (511ms)
		BeginReloadAssembly (52ms)
			ExecutionOrderSort (0ms)
			DisableScriptedObjects (0ms)
			BackupInstance (0ms)
			ReleaseScriptingObjects (0ms)
			CreateAndSetChildDomain (1ms)
		EndReloadAssembly (382ms)
			LoadAssemblies (51ms)
			RebuildTransferFunctionScriptingTraits (0ms)
			SetupTypeCache (88ms)
			ReleaseScriptCaches (0ms)
			RebuildScriptCaches (23ms)
			SetupLoadedEditorAssemblies (235ms)
				LogAssemblyErrors (0ms)
				InitializePlatformSupportModulesInManaged (5ms)
				SetLoadedEditorAssemblies (0ms)
				RefreshPlugins (91ms)
				BeforeProcessingInitializeOnLoad (1ms)
				ProcessInitializeOnLoadAttributes (98ms)
				ProcessInitializeOnLoadMethodAttributes (39ms)
				AfterProcessingInitializeOnLoad (0ms)
				EditorAssembliesLoaded (0ms)
			ExecutionOrderSort2 (0ms)
			AwakeInstancesAfterBackupRestoration (0ms)
Platform modules already initialized, skipping
Registering precompiled user dll's ...
Registered in 0.005029 seconds.
Begin MonoManager ReloadAssembly
Native extension for WindowsStandalone target not found
Refreshing native plugins compatible for Editor in 79.67 ms, found 4 plugins.
Preloading 0 native plugins for Editor in 0.00 ms.
Mono: successfully reloaded assembly
- Completed reload, in  0.926 seconds
Domain Reload Profiling:
	ReloadAssembly (926ms)
		BeginReloadAssembly (82ms)
			ExecutionOrderSort (0ms)
			DisableScriptedObjects (4ms)
			BackupInstance (0ms)
			ReleaseScriptingObjects (0ms)
			CreateAndSetChildDomain (16ms)
		EndReloadAssembly (761ms)
			LoadAssemblies (66ms)
			RebuildTransferFunctionScriptingTraits (0ms)
			SetupTypeCache (185ms)
			ReleaseScriptCaches (1ms)
			RebuildScriptCaches (49ms)
			SetupLoadedEditorAssemblies (427ms)
				LogAssemblyErrors (0ms)
				InitializePlatformSupportModulesInManaged (3ms)
				SetLoadedEditorAssemblies (0ms)
				RefreshPlugins (80ms)
				BeforeProcessingInitializeOnLoad (72ms)
				ProcessInitializeOnLoadAttributes (232ms)
				ProcessInitializeOnLoadMethodAttributes (38ms)
				AfterProcessingInitializeOnLoad (2ms)
				EditorAssembliesLoaded (0ms)
			ExecutionOrderSort2 (0ms)
			AwakeInstancesAfterBackupRestoration (5ms)
Platform modules already initialized, skipping
========================================================================
Worker process is ready to serve import requests
Launched and connected shader compiler UnityShaderCompiler.exe after 0.05 seconds
Refreshing native plugins compatible for Editor in 0.80 ms, found 4 plugins.
Preloading 0 native plugins for Editor in 0.00 ms.
Unloading 4407 Unused Serialized files (Serialized files now loaded: 0)
Unloading 47 unused Assets / (222.7 KB). Loaded Objects now: 4858.
Memory consumption went from 164.2 MB to 164.0 MB.
Total: 2.916400 ms (FindLiveObjects: 0.334300 ms CreateObjectMapping: 0.163800 ms MarkObjects: 2.220900 ms  DeleteObjects: 0.196600 ms)

AssetImportParameters requested are different than current active one (requested -> active):
  custom:video-decoder-ogg-theora: a1e56fd34408186e4bbccfd4996cb3dc -> 
  custom:container-muxer-webm: aa71ff27fc2769a1b78a27578f13a17b -> 
  custom:container-demuxer-webm: 4f35f7cbe854078d1ac9338744f61a02 -> 
  custom:video-encoder-webm-vp8: eb34c28f22e8b96e1ab97ce403110664 -> 
  custom:video-codec-MediaFoundation-h265: 746d11721c4dcdbdad8f713fa42b33f4 -> 
  custom:audio-encoder-webm-vorbis: bf7c407c2cedff20999df2af8eb42d56 -> 
  custom:framework-win-MediaFoundation: 216162199b28c13a410421893ffa2e32 -> 
  custom:container-demuxer-ogg: 62fdf1f143b41e24485cea50d1cbac27 -> 
  custom:video-decoder-webm-vp8: 9c59270c3fd7afecdb556c50c9e8de78 -> 
  custom:audio-decoder-ogg-vorbis: bf7c407c2cedff20999df2af8eb42d56 -> 
========================================================================
Received Import Request.
  Time since last request: 83389.930564 seconds.
  path: Assets/craftpix-901177-free-2d-battle-tank-game-assets/PNG/Hulls_Color_D/Hull_02.png
  artifactKey: Guid(ce9ce7986cfc5074f905e473db7345da) Importer(815301076,1909f56bfc062723c751e8b465ee728b)
Start importing Assets/craftpix-901177-free-2d-battle-tank-game-assets/PNG/Hulls_Color_D/Hull_02.png using Guid(ce9ce7986cfc5074f905e473db7345da) Importer(815301076,1909f56bfc062723c751e8b465ee728b)  -> (artifact id: '2b6124b8b5a8b8a9b2fbec46b768424b') in 0.139799 seconds 
========================================================================
Received Import Request.
  Time since last request: 0.000020 seconds.
  path: Assets/craftpix-901177-free-2d-battle-tank-game-assets/PNG/Hulls_Color_D/Hull_05.png
  artifactKey: Guid(1dfd236f81cf8af44b928c13780c88e5) Importer(815301076,1909f56bfc062723c751e8b465ee728b)
Start importing Assets/craftpix-901177-free-2d-battle-tank-game-assets/PNG/Hulls_Color_D/Hull_05.png using Guid(1dfd236f81cf8af44b928c13780c88e5) Importer(815301076,1909f56bfc062723c751e8b465ee728b)  -> (artifact id: '9392ef0b6714a13ef30ab998ebc8296b') in 0.032969 seconds 
========================================================================
Received Import Request.
  Time since last request: 0.000076 seconds.
  path: Assets/craftpix-901177-free-2d-battle-tank-game-assets/PNG/Hulls_Color_D/Hull_06.png
  artifactKey: Guid(9d05d6c531c95fa4199622cce02e939d) Importer(815301076,1909f56bfc062723c751e8b465ee728b)
Start importing Assets/craftpix-901177-free-2d-battle-tank-game-assets/PNG/Hulls_Color_D/Hull_06.png using Guid(9d05d6c531c95fa4199622cce02e939d) Importer(815301076,1909f56bfc062723c751e8b465ee728b)  -> (artifact id: 'a747ee20b8cd8b4599bfe62f07e359b2') in 0.033300 seconds 
========================================================================
Received Import Request.
  Time since last request: 0.000041 seconds.
  path: Assets/craftpix-901177-free-2d-battle-tank-game-assets/PNG/Hulls_Color_D/Hull_03.png
  artifactKey: Guid(5f565dde8df2875459b0ee7b3d94fe25) Importer(815301076,1909f56bfc062723c751e8b465ee728b)
Start importing Assets/craftpix-901177-free-2d-battle-tank-game-assets/PNG/Hulls_Color_D/Hull_03.png using Guid(5f565dde8df2875459b0ee7b3d94fe25) Importer(815301076,1909f56bfc062723c751e8b465ee728b)  -> (artifact id: '6b22064eb99587418f0f6fbe2bc1279f') in 0.033853 seconds 
========================================================================
Received Import Request.
  Time since last request: 3.979672 seconds.
  path: Assets/craftpix-901177-free-2d-battle-tank-game-assets/PNG/Weapon_Color_A_256X256/Gun_01_A.png
  artifactKey: Guid(7769db2a89357524c91ab330cd06461d) Importer(815301076,1909f56bfc062723c751e8b465ee728b)
Start importing Assets/craftpix-901177-free-2d-battle-tank-game-assets/PNG/Weapon_Color_A_256X256/Gun_01_A.png using Guid(7769db2a89357524c91ab330cd06461d) Importer(815301076,1909f56bfc062723c751e8b465ee728b)  -> (artifact id: '1bf8ac2c166a74c1ff65eef37906510a') in 0.026646 seconds 
========================================================================
Received Import Request.
  Time since last request: 0.000031 seconds.
  path: Assets/craftpix-901177-free-2d-battle-tank-game-assets/PNG/Weapon_Color_A_256X256/Gun_03.png
  artifactKey: Guid(b765742b932ac034e8dc48e35ea35e03) Importer(815301076,1909f56bfc062723c751e8b465ee728b)
Start importing Assets/craftpix-901177-free-2d-battle-tank-game-assets/PNG/Weapon_Color_A_256X256/Gun_03.png using Guid(b765742b932ac034e8dc48e35ea35e03) Importer(815301076,1909f56bfc062723c751e8b465ee728b)  -> (artifact id: '0f07c5315d8d501e10b43b484d8b6e5e') in 0.034911 seconds 
========================================================================
Received Import Request.
  Time since last request: 0.000025 seconds.
  path: Assets/craftpix-901177-free-2d-battle-tank-game-assets/PNG/Weapon_Color_A_256X256/Gun_02_A.png
  artifactKey: Guid(d947d27f2b4c9bc40a2f9136eaede5bc) Importer(815301076,1909f56bfc062723c751e8b465ee728b)
Start importing Assets/craftpix-901177-free-2d-battle-tank-game-assets/PNG/Weapon_Color_A_256X256/Gun_02_A.png using Guid(d947d27f2b4c9bc40a2f9136eaede5bc) Importer(815301076,1909f56bfc062723c751e8b465ee728b)  -> (artifact id: '2e8c3710931b1c42005ee0d72660f1a5') in 0.026614 seconds 
========================================================================
Received Import Request.
  Time since last request: 0.000021 seconds.
  path: Assets/craftpix-901177-free-2d-battle-tank-game-assets/PNG/Weapon_Color_A_256X256/Gun_08_B.png
  artifactKey: Guid(e955fca4cbe81824fa7d511a5073a66b) Importer(815301076,1909f56bfc062723c751e8b465ee728b)
Start importing Assets/craftpix-901177-free-2d-battle-tank-game-assets/PNG/Weapon_Color_A_256X256/Gun_08_B.png using Guid(e955fca4cbe81824fa7d511a5073a66b) Importer(815301076,1909f56bfc062723c751e8b465ee728b)  -> (artifact id: 'e08015beca12a469694bdb5c6c1363d0') in 0.032924 seconds 
========================================================================
Received Import Request.
  Time since last request: 0.000029 seconds.
  path: Assets/craftpix-901177-free-2d-battle-tank-game-assets/PNG/Weapon_Color_A_256X256/Gun_02_B.png
  artifactKey: Guid(01f200229d3bf0a499f817cda0c1f433) Importer(815301076,1909f56bfc062723c751e8b465ee728b)
Start importing Assets/craftpix-901177-free-2d-battle-tank-game-assets/PNG/Weapon_Color_A_256X256/Gun_02_B.png using Guid(01f200229d3bf0a499f817cda0c1f433) Importer(815301076,1909f56bfc062723c751e8b465ee728b)  -> (artifact id: '86b89a99c9872f4b061c129d249bd456') in 0.029639 seconds 
========================================================================
Received Import Request.
  Time since last request: 0.000018 seconds.
  path: Assets/craftpix-901177-free-2d-battle-tank-game-assets/PNG/Weapon_Color_A_256X256/Gun_08_A.png
  artifactKey: Guid(b4e984f4f50fef5498c77a0f272b2c9f) Importer(815301076,1909f56bfc062723c751e8b465ee728b)
Start importing Assets/craftpix-901177-free-2d-battle-tank-game-assets/PNG/Weapon_Color_A_256X256/Gun_08_A.png using Guid(b4e984f4f50fef5498c77a0f272b2c9f) Importer(815301076,1909f56bfc062723c751e8b465ee728b)  -> (artifact id: '755059cf5d1a0acf7d19c15e426749db') in 0.028327 seconds 
========================================================================
Received Import Request.
  Time since last request: 0.000027 seconds.
  path: Assets/craftpix-901177-free-2d-battle-tank-game-assets/PNG/Weapon_Color_A_256X256/Gun_06_A.png
  artifactKey: Guid(d58da69d3eaae8e4997f6d5b5d55752f) Importer(815301076,1909f56bfc062723c751e8b465ee728b)
Start importing Assets/craftpix-901177-free-2d-battle-tank-game-assets/PNG/Weapon_Color_A_256X256/Gun_06_A.png using Guid(d58da69d3eaae8e4997f6d5b5d55752f) Importer(815301076,1909f56bfc062723c751e8b465ee728b)  -> (artifact id: '466aa155bd58372fcf12f273b9751e45') in 0.031416 seconds 
========================================================================
Received Import Request.
  Time since last request: 0.000021 seconds.
  path: Assets/craftpix-901177-free-2d-battle-tank-game-assets/PNG/Weapon_Color_A_256X256/Gun_02.png
  artifactKey: Guid(c14c163be4c224b488019cc504826974) Importer(815301076,1909f56bfc062723c751e8b465ee728b)
Start importing Assets/craftpix-901177-free-2d-battle-tank-game-assets/PNG/Weapon_Color_A_256X256/Gun_02.png using Guid(c14c163be4c224b488019cc504826974) Importer(815301076,1909f56bfc062723c751e8b465ee728b)  -> (artifact id: '935590c0cc78a825381923d77b570273') in 0.028919 seconds 
========================================================================
Received Import Request.
  Time since last request: 0.000025 seconds.
  path: Assets/craftpix-901177-free-2d-battle-tank-game-assets/PNG/Weapon_Color_A_256X256/Gun_01_B.png
  artifactKey: Guid(e68aa70d3e99fa94eb79a87a101c09ca) Importer(815301076,1909f56bfc062723c751e8b465ee728b)
Start importing Assets/craftpix-901177-free-2d-battle-tank-game-assets/PNG/Weapon_Color_A_256X256/Gun_01_B.png using Guid(e68aa70d3e99fa94eb79a87a101c09ca) Importer(815301076,1909f56bfc062723c751e8b465ee728b)  -> (artifact id: '1885742ed57bb0297219d50ba79aee4e') in 0.026396 seconds 
========================================================================
Received Import Request.
  Time since last request: 0.000032 seconds.
  path: Assets/craftpix-901177-free-2d-battle-tank-game-assets/PNG/Weapon_Color_A_256X256/Gun_04_B.png
  artifactKey: Guid(1a3245995d1e5184f8bae04fc3cbcef7) Importer(815301076,1909f56bfc062723c751e8b465ee728b)
Start importing Assets/craftpix-901177-free-2d-battle-tank-game-assets/PNG/Weapon_Color_A_256X256/Gun_04_B.png using Guid(1a3245995d1e5184f8bae04fc3cbcef7) Importer(815301076,1909f56bfc062723c751e8b465ee728b)  -> (artifact id: '2aa9a6f7f7263471d6828b44eee4c9b7') in 0.035667 seconds 
========================================================================
Received Import Request.
  Time since last request: 0.000025 seconds.
  path: Assets/craftpix-901177-free-2d-battle-tank-game-assets/PNG/Weapon_Color_A_256X256/Gun_07.png
  artifactKey: Guid(d4dcfb6e9cad80e4db403badbd8eb34c) Importer(815301076,1909f56bfc062723c751e8b465ee728b)
Start importing Assets/craftpix-901177-free-2d-battle-tank-game-assets/PNG/Weapon_Color_A_256X256/Gun_07.png using Guid(d4dcfb6e9cad80e4db403badbd8eb34c) Importer(815301076,1909f56bfc062723c751e8b465ee728b)  -> (artifact id: '0dc628d6917e89d90f5937d9690b5afc') in 0.030990 seconds 
========================================================================
Received Import Request.
  Time since last request: 0.000033 seconds.
  path: Assets/craftpix-901177-free-2d-battle-tank-game-assets/PNG/Weapon_Color_A_256X256/Gun_08.png
  artifactKey: Guid(be63cc91692c413418c64496f984aad2) Importer(815301076,1909f56bfc062723c751e8b465ee728b)
Start importing Assets/craftpix-901177-free-2d-battle-tank-game-assets/PNG/Weapon_Color_A_256X256/Gun_08.png using Guid(be63cc91692c413418c64496f984aad2) Importer(815301076,1909f56bfc062723c751e8b465ee728b)  -> (artifact id: '1e424f5309d6c6e42f8a93a0d9ef949b') in 0.026464 seconds 
========================================================================
Received Import Request.
  Time since last request: 0.000021 seconds.
  path: Assets/craftpix-901177-free-2d-battle-tank-game-assets/PNG/Weapon_Color_A_256X256/Gun_07_B.png
  artifactKey: Guid(de89d05c5a2d60a4db71eb3876975239) Importer(815301076,1909f56bfc062723c751e8b465ee728b)
Start importing Assets/craftpix-901177-free-2d-battle-tank-game-assets/PNG/Weapon_Color_A_256X256/Gun_07_B.png using Guid(de89d05c5a2d60a4db71eb3876975239) Importer(815301076,1909f56bfc062723c751e8b465ee728b)  -> (artifact id: '9fd7296e88cbb2f14ff5bdc4a30f4d5d') in 0.026287 seconds 
========================================================================
Received Import Request.
  Time since last request: 6.392632 seconds.
  path: Assets/craftpix-901177-free-2d-battle-tank-game-assets/PNG/Weapon_Color_B/Gun_01_A.png
  artifactKey: Guid(fb718516f9ff71647b141d7177e0207a) Importer(815301076,1909f56bfc062723c751e8b465ee728b)
Start importing Assets/craftpix-901177-free-2d-battle-tank-game-assets/PNG/Weapon_Color_B/Gun_01_A.png using Guid(fb718516f9ff71647b141d7177e0207a) Importer(815301076,1909f56bfc062723c751e8b465ee728b)  -> (artifact id: 'a12b7421938ed3cecc70eecc058e7670') in 0.018806 seconds 
========================================================================
Received Import Request.
  Time since last request: 0.000023 seconds.
  path: Assets/craftpix-901177-free-2d-battle-tank-game-assets/PNG/Weapon_Color_B/Gun_02_A.png
  artifactKey: Guid(387a05a7debd13045b7e21200ad6349b) Importer(815301076,1909f56bfc062723c751e8b465ee728b)
Start importing Assets/craftpix-901177-free-2d-battle-tank-game-assets/PNG/Weapon_Color_B/Gun_02_A.png using Guid(387a05a7debd13045b7e21200ad6349b) Importer(815301076,1909f56bfc062723c751e8b465ee728b)  -> (artifact id: '01b2b70bb2d8fe42596aeb5f71f5c2a0') in 0.022178 seconds 
========================================================================
Received Import Request.
  Time since last request: 0.000043 seconds.
  path: Assets/craftpix-901177-free-2d-battle-tank-game-assets/PNG/Weapon_Color_B/Gun_04_B.png
  artifactKey: Guid(b80bd8d47a009d44b9f02e53a51b3e2c) Importer(815301076,1909f56bfc062723c751e8b465ee728b)
Start importing Assets/craftpix-901177-free-2d-battle-tank-game-assets/PNG/Weapon_Color_B/Gun_04_B.png using Guid(b80bd8d47a009d44b9f02e53a51b3e2c) Importer(815301076,1909f56bfc062723c751e8b465ee728b)  -> (artifact id: '30bc3dc78d70efff87f28f80383474cd') in 0.026393 seconds 
========================================================================
Received Import Request.
  Time since last request: 0.000022 seconds.
  path: Assets/craftpix-901177-free-2d-battle-tank-game-assets/PNG/Weapon_Color_B/Gun_05_B.png
  artifactKey: Guid(f6fc956005eb3b64ba683dbfdb9343ad) Importer(815301076,1909f56bfc062723c751e8b465ee728b)
Start importing Assets/craftpix-901177-free-2d-battle-tank-game-assets/PNG/Weapon_Color_B/Gun_05_B.png using Guid(f6fc956005eb3b64ba683dbfdb9343ad) Importer(815301076,1909f56bfc062723c751e8b465ee728b)  -> (artifact id: '8ba95732a586a498b79ac505adeedf57') in 0.024008 seconds 
========================================================================
Received Import Request.
  Time since last request: 0.000039 seconds.
  path: Assets/craftpix-901177-free-2d-battle-tank-game-assets/PNG/Weapon_Color_B/Gun_08_B.png
  artifactKey: Guid(f196247365e52de4ebf506323e8505a2) Importer(815301076,1909f56bfc062723c751e8b465ee728b)
Start importing Assets/craftpix-901177-free-2d-battle-tank-game-assets/PNG/Weapon_Color_B/Gun_08_B.png using Guid(f196247365e52de4ebf506323e8505a2) Importer(815301076,1909f56bfc062723c751e8b465ee728b)  -> (artifact id: 'f789d47d5044c09d489e5f3643beb3b7') in 0.025063 seconds 
========================================================================
Received Import Request.
  Time since last request: 0.000025 seconds.
  path: Assets/craftpix-901177-free-2d-battle-tank-game-assets/PNG/Weapon_Color_B/Gun_05_A.png
  artifactKey: Guid(19af9396956fec74d9ef7dec5ab07339) Importer(815301076,1909f56bfc062723c751e8b465ee728b)
Start importing Assets/craftpix-901177-free-2d-battle-tank-game-assets/PNG/Weapon_Color_B/Gun_05_A.png using Guid(19af9396956fec74d9ef7dec5ab07339) Importer(815301076,1909f56bfc062723c751e8b465ee728b)  -> (artifact id: '932ced583c5983c93ca2fd0a19825558') in 0.021873 seconds 
========================================================================
Received Import Request.
  Time since last request: 0.000025 seconds.
  path: Assets/craftpix-901177-free-2d-battle-tank-game-assets/PNG/Weapon_Color_B/Gun_05.png
  artifactKey: Guid(742b4533bac34394796d026de1bf9afc) Importer(815301076,1909f56bfc062723c751e8b465ee728b)
Start importing Assets/craftpix-901177-free-2d-battle-tank-game-assets/PNG/Weapon_Color_B/Gun_05.png using Guid(742b4533bac34394796d026de1bf9afc) Importer(815301076,1909f56bfc062723c751e8b465ee728b)  -> (artifact id: 'fbf752cda9422a152c1c5a70f5d2789b') in 0.025359 seconds 
========================================================================
Received Import Request.
  Time since last request: 0.000025 seconds.
  path: Assets/craftpix-901177-free-2d-battle-tank-game-assets/PNG/Weapon_Color_B/Gun_02.png
  artifactKey: Guid(1d7e353f6f678aa42afceee029b02e30) Importer(815301076,1909f56bfc062723c751e8b465ee728b)
Start importing Assets/craftpix-901177-free-2d-battle-tank-game-assets/PNG/Weapon_Color_B/Gun_02.png using Guid(1d7e353f6f678aa42afceee029b02e30) Importer(815301076,1909f56bfc062723c751e8b465ee728b)  -> (artifact id: 'b18be8db8c032bc4d83472f80ba81cb4') in 0.025832 seconds 
========================================================================
Received Import Request.
  Time since last request: 0.000036 seconds.
  path: Assets/craftpix-901177-free-2d-battle-tank-game-assets/PNG/Weapon_Color_B/Gun_03.png
  artifactKey: Guid(05e0a1a914e0f1345991a32eac458142) Importer(815301076,1909f56bfc062723c751e8b465ee728b)
Start importing Assets/craftpix-901177-free-2d-battle-tank-game-assets/PNG/Weapon_Color_B/Gun_03.png using Guid(05e0a1a914e0f1345991a32eac458142) Importer(815301076,1909f56bfc062723c751e8b465ee728b)  -> (artifact id: '0380d2f2300c16c20abcef245005642c') in 0.023165 seconds 
========================================================================
Received Import Request.
  Time since last request: 0.000020 seconds.
  path: Assets/craftpix-901177-free-2d-battle-tank-game-assets/PNG/Weapon_Color_B/Gun_06.png
  artifactKey: Guid(6a514ade7fbb11441bfc616577d0554a) Importer(815301076,1909f56bfc062723c751e8b465ee728b)
Start importing Assets/craftpix-901177-free-2d-battle-tank-game-assets/PNG/Weapon_Color_B/Gun_06.png using Guid(6a514ade7fbb11441bfc616577d0554a) Importer(815301076,1909f56bfc062723c751e8b465ee728b)  -> (artifact id: '41040a95234c78ce66186f7d6bb547ae') in 0.022662 seconds 
========================================================================
Received Import Request.
  Time since last request: 0.000023 seconds.
  path: Assets/craftpix-901177-free-2d-battle-tank-game-assets/PNG/Weapon_Color_B/Gun_08_A.png
  artifactKey: Guid(e8436ea98148ff54c9c66fdcd65514bb) Importer(815301076,1909f56bfc062723c751e8b465ee728b)
Start importing Assets/craftpix-901177-free-2d-battle-tank-game-assets/PNG/Weapon_Color_B/Gun_08_A.png using Guid(e8436ea98148ff54c9c66fdcd65514bb) Importer(815301076,1909f56bfc062723c751e8b465ee728b)  -> (artifact id: '7a78ec0dc7e3c9319614aa469af7bf37') in 0.023311 seconds 
========================================================================
Received Import Request.
  Time since last request: 0.000022 seconds.
  path: Assets/craftpix-901177-free-2d-battle-tank-game-assets/PNG/Weapon_Color_B/Gun_06_A.png
  artifactKey: Guid(a6447025d6c81d3438beece381fbfefe) Importer(815301076,1909f56bfc062723c751e8b465ee728b)
Start importing Assets/craftpix-901177-free-2d-battle-tank-game-assets/PNG/Weapon_Color_B/Gun_06_A.png using Guid(a6447025d6c81d3438beece381fbfefe) Importer(815301076,1909f56bfc062723c751e8b465ee728b)  -> (artifact id: '6c28109006ef6fbaba729d76fe563e6b') in 0.021573 seconds 
========================================================================
Received Prepare
Registering precompiled user dll's ...
Registered in 0.004221 seconds.
Begin MonoManager ReloadAssembly
Native extension for WindowsStandalone target not found
Refreshing native plugins compatible for Editor in 1.05 ms, found 4 plugins.
Preloading 0 native plugins for Editor in 0.00 ms.
Mono: successfully reloaded assembly
- Completed reload, in  0.949 seconds
Domain Reload Profiling:
	ReloadAssembly (950ms)
		BeginReloadAssembly (126ms)
			ExecutionOrderSort (0ms)
			DisableScriptedObjects (6ms)
			BackupInstance (0ms)
			ReleaseScriptingObjects (0ms)
			CreateAndSetChildDomain (48ms)
		EndReloadAssembly (724ms)
			LoadAssemblies (76ms)
			RebuildTransferFunctionScriptingTraits (0ms)
			SetupTypeCache (234ms)
			ReleaseScriptCaches (3ms)
			RebuildScriptCaches (60ms)
			SetupLoadedEditorAssemblies (289ms)
				LogAssemblyErrors (0ms)
				InitializePlatformSupportModulesInManaged (11ms)
				SetLoadedEditorAssemblies (0ms)
				RefreshPlugins (1ms)
				BeforeProcessingInitializeOnLoad (55ms)
				ProcessInitializeOnLoadAttributes (190ms)
				ProcessInitializeOnLoadMethodAttributes (29ms)
				AfterProcessingInitializeOnLoad (2ms)
				EditorAssembliesLoaded (0ms)
			ExecutionOrderSort2 (0ms)
			AwakeInstancesAfterBackupRestoration (6ms)
Platform modules already initialized, skipping
Refreshing native plugins compatible for Editor in 1.79 ms, found 4 plugins.
Preloading 0 native plugins for Editor in 0.00 ms.
Unloading 4403 Unused Serialized files (Serialized files now loaded: 0)
Unloading 32 unused Assets / (190.0 KB). Loaded Objects now: 4895.
Memory consumption went from 168.5 MB to 168.3 MB.
Total: 3.574000 ms (FindLiveObjects: 0.252100 ms CreateObjectMapping: 0.165700 ms MarkObjects: 2.862100 ms  DeleteObjects: 0.293100 ms)

AssetImportParameters requested are different than current active one (requested -> active):
  custom:video-decoder-ogg-theora: a1e56fd34408186e4bbccfd4996cb3dc -> 
  custom:container-muxer-webm: aa71ff27fc2769a1b78a27578f13a17b -> 
  custom:container-demuxer-webm: 4f35f7cbe854078d1ac9338744f61a02 -> 
  custom:video-encoder-webm-vp8: eb34c28f22e8b96e1ab97ce403110664 -> 
  custom:video-codec-MediaFoundation-h265: 746d11721c4dcdbdad8f713fa42b33f4 -> 
  custom:audio-encoder-webm-vorbis: bf7c407c2cedff20999df2af8eb42d56 -> 
  custom:framework-win-MediaFoundation: 216162199b28c13a410421893ffa2e32 -> 
  custom:container-demuxer-ogg: 62fdf1f143b41e24485cea50d1cbac27 -> 
  custom:video-decoder-webm-vp8: 9c59270c3fd7afecdb556c50c9e8de78 -> 
  custom:audio-decoder-ogg-vorbis: bf7c407c2cedff20999df2af8eb42d56 -> 
========================================================================
Received Prepare
Registering precompiled user dll's ...
Registered in 0.003996 seconds.
Begin MonoManager ReloadAssembly
Native extension for WindowsStandalone target not found
Refreshing native plugins compatible for Editor in 0.69 ms, found 4 plugins.
Preloading 0 native plugins for Editor in 0.00 ms.
Mono: successfully reloaded assembly
- Completed reload, in  0.876 seconds
Domain Reload Profiling:
	ReloadAssembly (876ms)
		BeginReloadAssembly (106ms)
			ExecutionOrderSort (0ms)
			DisableScriptedObjects (5ms)
			BackupInstance (0ms)
			ReleaseScriptingObjects (0ms)
			CreateAndSetChildDomain (33ms)
		EndReloadAssembly (700ms)
			LoadAssemblies (69ms)
			RebuildTransferFunctionScriptingTraits (0ms)
			SetupTypeCache (293ms)
			ReleaseScriptCaches (2ms)
			RebuildScriptCaches (38ms)
			SetupLoadedEditorAssemblies (264ms)
				LogAssemblyErrors (0ms)
				InitializePlatformSupportModulesInManaged (8ms)
				SetLoadedEditorAssemblies (0ms)
				RefreshPlugins (1ms)
				BeforeProcessingInitializeOnLoad (48ms)
				ProcessInitializeOnLoadAttributes (177ms)
				ProcessInitializeOnLoadMethodAttributes (28ms)
				AfterProcessingInitializeOnLoad (2ms)
				EditorAssembliesLoaded (0ms)
			ExecutionOrderSort2 (0ms)
			AwakeInstancesAfterBackupRestoration (7ms)
Platform modules already initialized, skipping
Refreshing native plugins compatible for Editor in 1.63 ms, found 4 plugins.
Preloading 0 native plugins for Editor in 0.00 ms.
Unloading 4403 Unused Serialized files (Serialized files now loaded: 0)
Unloading 32 unused Assets / (190.1 KB). Loaded Objects now: 4898.
Memory consumption went from 168.5 MB to 168.3 MB.
Total: 3.228900 ms (FindLiveObjects: 0.400500 ms CreateObjectMapping: 0.242400 ms MarkObjects: 2.435500 ms  DeleteObjects: 0.149700 ms)

AssetImportParameters requested are different than current active one (requested -> active):
  custom:video-decoder-ogg-theora: a1e56fd34408186e4bbccfd4996cb3dc -> 
  custom:container-muxer-webm: aa71ff27fc2769a1b78a27578f13a17b -> 
  custom:container-demuxer-webm: 4f35f7cbe854078d1ac9338744f61a02 -> 
  custom:video-encoder-webm-vp8: eb34c28f22e8b96e1ab97ce403110664 -> 
  custom:video-codec-MediaFoundation-h265: 746d11721c4dcdbdad8f713fa42b33f4 -> 
  custom:audio-encoder-webm-vorbis: bf7c407c2cedff20999df2af8eb42d56 -> 
  custom:framework-win-MediaFoundation: 216162199b28c13a410421893ffa2e32 -> 
  custom:container-demuxer-ogg: 62fdf1f143b41e24485cea50d1cbac27 -> 
  custom:video-decoder-webm-vp8: 9c59270c3fd7afecdb556c50c9e8de78 -> 
  custom:audio-decoder-ogg-vorbis: bf7c407c2cedff20999df2af8eb42d56 -> 
========================================================================
Received Prepare
Registering precompiled user dll's ...
Registered in 0.003838 seconds.
Begin MonoManager ReloadAssembly
Native extension for WindowsStandalone target not found
Refreshing native plugins compatible for Editor in 0.77 ms, found 4 plugins.
Preloading 0 native plugins for Editor in 0.00 ms.
Mono: successfully reloaded assembly
- Completed reload, in  0.845 seconds
Domain Reload Profiling:
	ReloadAssembly (845ms)
		BeginReloadAssembly (115ms)
			ExecutionOrderSort (0ms)
			DisableScriptedObjects (5ms)
			BackupInstance (0ms)
			ReleaseScriptingObjects (0ms)
			CreateAndSetChildDomain (39ms)
		EndReloadAssembly (634ms)
			LoadAssemblies (76ms)
			RebuildTransferFunctionScriptingTraits (0ms)
			SetupTypeCache (201ms)
			ReleaseScriptCaches (2ms)
			RebuildScriptCaches (35ms)
			SetupLoadedEditorAssemblies (288ms)
				LogAssemblyErrors (0ms)
				InitializePlatformSupportModulesInManaged (9ms)
				SetLoadedEditorAssemblies (0ms)
				RefreshPlugins (1ms)
				BeforeProcessingInitializeOnLoad (62ms)
				ProcessInitializeOnLoadAttributes (185ms)
				ProcessInitializeOnLoadMethodAttributes (30ms)
				AfterProcessingInitializeOnLoad (2ms)
				EditorAssembliesLoaded (0ms)
			ExecutionOrderSort2 (0ms)
			AwakeInstancesAfterBackupRestoration (7ms)
Platform modules already initialized, skipping
Refreshing native plugins compatible for Editor in 1.81 ms, found 4 plugins.
Preloading 0 native plugins for Editor in 0.00 ms.
Unloading 4403 Unused Serialized files (Serialized files now loaded: 0)
Unloading 32 unused Assets / (189.8 KB). Loaded Objects now: 4901.
Memory consumption went from 168.5 MB to 168.4 MB.
Total: 3.206300 ms (FindLiveObjects: 0.349800 ms CreateObjectMapping: 0.125700 ms MarkObjects: 2.591200 ms  DeleteObjects: 0.138900 ms)

AssetImportParameters requested are different than current active one (requested -> active):
  custom:video-decoder-ogg-theora: a1e56fd34408186e4bbccfd4996cb3dc -> 
  custom:container-muxer-webm: aa71ff27fc2769a1b78a27578f13a17b -> 
  custom:container-demuxer-webm: 4f35f7cbe854078d1ac9338744f61a02 -> 
  custom:video-encoder-webm-vp8: eb34c28f22e8b96e1ab97ce403110664 -> 
  custom:video-codec-MediaFoundation-h265: 746d11721c4dcdbdad8f713fa42b33f4 -> 
  custom:audio-encoder-webm-vorbis: bf7c407c2cedff20999df2af8eb42d56 -> 
  custom:framework-win-MediaFoundation: 216162199b28c13a410421893ffa2e32 -> 
  custom:container-demuxer-ogg: 62fdf1f143b41e24485cea50d1cbac27 -> 
  custom:video-decoder-webm-vp8: 9c59270c3fd7afecdb556c50c9e8de78 -> 
  custom:audio-decoder-ogg-vorbis: bf7c407c2cedff20999df2af8eb42d56 -> 
========================================================================
Received Prepare
Registering precompiled user dll's ...
Registered in 0.005088 seconds.
Begin MonoManager ReloadAssembly
Native extension for WindowsStandalone target not found
Refreshing native plugins compatible for Editor in 1.17 ms, found 4 plugins.
Preloading 0 native plugins for Editor in 0.00 ms.
Mono: successfully reloaded assembly
- Completed reload, in  1.043 seconds
Domain Reload Profiling:
	ReloadAssembly (1044ms)
		BeginReloadAssembly (117ms)
			ExecutionOrderSort (0ms)
			DisableScriptedObjects (6ms)
			BackupInstance (0ms)
			ReleaseScriptingObjects (0ms)
			CreateAndSetChildDomain (41ms)
		EndReloadAssembly (823ms)
			LoadAssemblies (73ms)
			RebuildTransferFunctionScriptingTraits (0ms)
			SetupTypeCache (272ms)
			ReleaseScriptCaches (3ms)
			RebuildScriptCaches (58ms)
			SetupLoadedEditorAssemblies (352ms)
				LogAssemblyErrors (0ms)
				InitializePlatformSupportModulesInManaged (13ms)
				SetLoadedEditorAssemblies (1ms)
				RefreshPlugins (1ms)
				BeforeProcessingInitializeOnLoad (77ms)
				ProcessInitializeOnLoadAttributes (219ms)
				ProcessInitializeOnLoadMethodAttributes (39ms)
				AfterProcessingInitializeOnLoad (2ms)
				EditorAssembliesLoaded (0ms)
			ExecutionOrderSort2 (0ms)
			AwakeInstancesAfterBackupRestoration (8ms)
Platform modules already initialized, skipping
Refreshing native plugins compatible for Editor in 1.53 ms, found 4 plugins.
Preloading 0 native plugins for Editor in 0.00 ms.
Unloading 4403 Unused Serialized files (Serialized files now loaded: 0)
Unloading 32 unused Assets / (189.7 KB). Loaded Objects now: 4904.
Memory consumption went from 168.5 MB to 168.4 MB.
Total: 3.322400 ms (FindLiveObjects: 0.325700 ms CreateObjectMapping: 0.107600 ms MarkObjects: 2.767700 ms  DeleteObjects: 0.120600 ms)

AssetImportParameters requested are different than current active one (requested -> active):
  custom:video-decoder-ogg-theora: a1e56fd34408186e4bbccfd4996cb3dc -> 
  custom:container-muxer-webm: aa71ff27fc2769a1b78a27578f13a17b -> 
  custom:container-demuxer-webm: 4f35f7cbe854078d1ac9338744f61a02 -> 
  custom:video-encoder-webm-vp8: eb34c28f22e8b96e1ab97ce403110664 -> 
  custom:video-codec-MediaFoundation-h265: 746d11721c4dcdbdad8f713fa42b33f4 -> 
  custom:audio-encoder-webm-vorbis: bf7c407c2cedff20999df2af8eb42d56 -> 
  custom:framework-win-MediaFoundation: 216162199b28c13a410421893ffa2e32 -> 
  custom:container-demuxer-ogg: 62fdf1f143b41e24485cea50d1cbac27 -> 
  custom:video-decoder-webm-vp8: 9c59270c3fd7afecdb556c50c9e8de78 -> 
  custom:audio-decoder-ogg-vorbis: bf7c407c2cedff20999df2af8eb42d56 -> 
========================================================================
Received Prepare
Registering precompiled user dll's ...
Registered in 0.003813 seconds.
Begin MonoManager ReloadAssembly
Native extension for WindowsStandalone target not found
Refreshing native plugins compatible for Editor in 1.39 ms, found 4 plugins.
Preloading 0 native plugins for Editor in 0.00 ms.
Mono: successfully reloaded assembly
- Completed reload, in  1.008 seconds
Domain Reload Profiling:
	ReloadAssembly (1009ms)
		BeginReloadAssembly (102ms)
			ExecutionOrderSort (0ms)
			DisableScriptedObjects (5ms)
			BackupInstance (0ms)
			ReleaseScriptingObjects (0ms)
			CreateAndSetChildDomain (30ms)
		EndReloadAssembly (815ms)
			LoadAssemblies (65ms)
			RebuildTransferFunctionScriptingTraits (0ms)
			SetupTypeCache (220ms)
			ReleaseScriptCaches (2ms)
			RebuildScriptCaches (48ms)
			SetupLoadedEditorAssemblies (421ms)
				LogAssemblyErrors (0ms)
				InitializePlatformSupportModulesInManaged (14ms)
				SetLoadedEditorAssemblies (1ms)
				RefreshPlugins (1ms)
				BeforeProcessingInitializeOnLoad (68ms)
				ProcessInitializeOnLoadAttributes (299ms)
				ProcessInitializeOnLoadMethodAttributes (36ms)
				AfterProcessingInitializeOnLoad (2ms)
				EditorAssembliesLoaded (0ms)
			ExecutionOrderSort2 (0ms)
			AwakeInstancesAfterBackupRestoration (7ms)
Platform modules already initialized, skipping
Refreshing native plugins compatible for Editor in 2.77 ms, found 4 plugins.
Preloading 0 native plugins for Editor in 0.00 ms.
Unloading 4403 Unused Serialized files (Serialized files now loaded: 0)
Unloading 32 unused Assets / (189.9 KB). Loaded Objects now: 4907.
Memory consumption went from 168.6 MB to 168.4 MB.
Total: 3.449800 ms (FindLiveObjects: 0.280300 ms CreateObjectMapping: 0.121900 ms MarkObjects: 2.859500 ms  DeleteObjects: 0.186500 ms)

AssetImportParameters requested are different than current active one (requested -> active):
  custom:video-decoder-ogg-theora: a1e56fd34408186e4bbccfd4996cb3dc -> 
  custom:container-muxer-webm: aa71ff27fc2769a1b78a27578f13a17b -> 
  custom:container-demuxer-webm: 4f35f7cbe854078d1ac9338744f61a02 -> 
  custom:video-encoder-webm-vp8: eb34c28f22e8b96e1ab97ce403110664 -> 
  custom:video-codec-MediaFoundation-h265: 746d11721c4dcdbdad8f713fa42b33f4 -> 
  custom:audio-encoder-webm-vorbis: bf7c407c2cedff20999df2af8eb42d56 -> 
  custom:framework-win-MediaFoundation: 216162199b28c13a410421893ffa2e32 -> 
  custom:container-demuxer-ogg: 62fdf1f143b41e24485cea50d1cbac27 -> 
  custom:video-decoder-webm-vp8: 9c59270c3fd7afecdb556c50c9e8de78 -> 
  custom:audio-decoder-ogg-vorbis: bf7c407c2cedff20999df2af8eb42d56 -> 
========================================================================
Received Prepare
Registering precompiled user dll's ...
Registered in 0.006016 seconds.
Begin MonoManager ReloadAssembly
Native extension for WindowsStandalone target not found
Refreshing native plugins compatible for Editor in 0.96 ms, found 4 plugins.
Preloading 0 native plugins for Editor in 0.00 ms.
Mono: successfully reloaded assembly
- Completed reload, in  1.017 seconds
Domain Reload Profiling:
	ReloadAssembly (1017ms)
		BeginReloadAssembly (104ms)
			ExecutionOrderSort (0ms)
			DisableScriptedObjects (5ms)
			BackupInstance (0ms)
			ReleaseScriptingObjects (0ms)
			CreateAndSetChildDomain (33ms)
		EndReloadAssembly (823ms)
			LoadAssemblies (58ms)
			RebuildTransferFunctionScriptingTraits (0ms)
			SetupTypeCache (216ms)
			ReleaseScriptCaches (2ms)
			RebuildScriptCaches (47ms)
			SetupLoadedEditorAssemblies (438ms)
				LogAssemblyErrors (0ms)
				InitializePlatformSupportModulesInManaged (10ms)
				SetLoadedEditorAssemblies (0ms)
				RefreshPlugins (1ms)
				BeforeProcessingInitializeOnLoad (72ms)
				ProcessInitializeOnLoadAttributes (310ms)
				ProcessInitializeOnLoadMethodAttributes (43ms)
				AfterProcessingInitializeOnLoad (2ms)
				EditorAssembliesLoaded (0ms)
			ExecutionOrderSort2 (0ms)
			AwakeInstancesAfterBackupRestoration (6ms)
Platform modules already initialized, skipping
Refreshing native plugins compatible for Editor in 1.66 ms, found 4 plugins.
Preloading 0 native plugins for Editor in 0.00 ms.
Unloading 4403 Unused Serialized files (Serialized files now loaded: 0)
Unloading 32 unused Assets / (189.5 KB). Loaded Objects now: 4910.
Memory consumption went from 168.6 MB to 168.4 MB.
Total: 2.840300 ms (FindLiveObjects: 0.250300 ms CreateObjectMapping: 0.119100 ms MarkObjects: 2.347600 ms  DeleteObjects: 0.122400 ms)

AssetImportParameters requested are different than current active one (requested -> active):
  custom:video-decoder-ogg-theora: a1e56fd34408186e4bbccfd4996cb3dc -> 
  custom:container-muxer-webm: aa71ff27fc2769a1b78a27578f13a17b -> 
  custom:container-demuxer-webm: 4f35f7cbe854078d1ac9338744f61a02 -> 
  custom:video-encoder-webm-vp8: eb34c28f22e8b96e1ab97ce403110664 -> 
  custom:video-codec-MediaFoundation-h265: 746d11721c4dcdbdad8f713fa42b33f4 -> 
  custom:audio-encoder-webm-vorbis: bf7c407c2cedff20999df2af8eb42d56 -> 
  custom:framework-win-MediaFoundation: 216162199b28c13a410421893ffa2e32 -> 
  custom:container-demuxer-ogg: 62fdf1f143b41e24485cea50d1cbac27 -> 
  custom:video-decoder-webm-vp8: 9c59270c3fd7afecdb556c50c9e8de78 -> 
  custom:audio-decoder-ogg-vorbis: bf7c407c2cedff20999df2af8eb42d56 -> 
========================================================================
Received Prepare
Registering precompiled user dll's ...
Registered in 0.003240 seconds.
Begin MonoManager ReloadAssembly
Native extension for WindowsStandalone target not found
Refreshing native plugins compatible for Editor in 0.92 ms, found 4 plugins.
Preloading 0 native plugins for Editor in 0.00 ms.
Mono: successfully reloaded assembly
- Completed reload, in  1.091 seconds
Domain Reload Profiling:
	ReloadAssembly (1092ms)
		BeginReloadAssembly (115ms)
			ExecutionOrderSort (0ms)
			DisableScriptedObjects (5ms)
			BackupInstance (0ms)
			ReleaseScriptingObjects (0ms)
			CreateAndSetChildDomain (32ms)
		EndReloadAssembly (891ms)
			LoadAssemblies (85ms)
			RebuildTransferFunctionScriptingTraits (0ms)
			SetupTypeCache (265ms)
			ReleaseScriptCaches (3ms)
			RebuildScriptCaches (72ms)
			SetupLoadedEditorAssemblies (401ms)
				LogAssemblyErrors (0ms)
				InitializePlatformSupportModulesInManaged (12ms)
				SetLoadedEditorAssemblies (0ms)
				RefreshPlugins (1ms)
				BeforeProcessingInitializeOnLoad (67ms)
				ProcessInitializeOnLoadAttributes (276ms)
				ProcessInitializeOnLoadMethodAttributes (42ms)
				AfterProcessingInitializeOnLoad (2ms)
				EditorAssembliesLoaded (0ms)
			ExecutionOrderSort2 (0ms)
			AwakeInstancesAfterBackupRestoration (9ms)
Platform modules already initialized, skipping
Refreshing native plugins compatible for Editor in 1.97 ms, found 4 plugins.
Preloading 0 native plugins for Editor in 0.00 ms.
Unloading 4403 Unused Serialized files (Serialized files now loaded: 0)
Unloading 32 unused Assets / (189.7 KB). Loaded Objects now: 4913.
Memory consumption went from 168.6 MB to 168.4 MB.
Total: 4.949000 ms (FindLiveObjects: 0.364900 ms CreateObjectMapping: 0.165100 ms MarkObjects: 4.016200 ms  DeleteObjects: 0.401000 ms)

AssetImportParameters requested are different than current active one (requested -> active):
  custom:video-decoder-ogg-theora: a1e56fd34408186e4bbccfd4996cb3dc -> 
  custom:container-muxer-webm: aa71ff27fc2769a1b78a27578f13a17b -> 
  custom:container-demuxer-webm: 4f35f7cbe854078d1ac9338744f61a02 -> 
  custom:video-encoder-webm-vp8: eb34c28f22e8b96e1ab97ce403110664 -> 
  custom:video-codec-MediaFoundation-h265: 746d11721c4dcdbdad8f713fa42b33f4 -> 
  custom:audio-encoder-webm-vorbis: bf7c407c2cedff20999df2af8eb42d56 -> 
  custom:framework-win-MediaFoundation: 216162199b28c13a410421893ffa2e32 -> 
  custom:container-demuxer-ogg: 62fdf1f143b41e24485cea50d1cbac27 -> 
  custom:video-decoder-webm-vp8: 9c59270c3fd7afecdb556c50c9e8de78 -> 
  custom:audio-decoder-ogg-vorbis: bf7c407c2cedff20999df2af8eb42d56 -> 
========================================================================
Received Prepare
Registering precompiled user dll's ...
Registered in 0.003876 seconds.
Begin MonoManager ReloadAssembly
Native extension for WindowsStandalone target not found
Refreshing native plugins compatible for Editor in 0.83 ms, found 4 plugins.
Preloading 0 native plugins for Editor in 0.00 ms.
Mono: successfully reloaded assembly
- Completed reload, in  0.831 seconds
Domain Reload Profiling:
	ReloadAssembly (831ms)
		BeginReloadAssembly (117ms)
			ExecutionOrderSort (0ms)
			DisableScriptedObjects (5ms)
			BackupInstance (0ms)
			ReleaseScriptingObjects (0ms)
			CreateAndSetChildDomain (36ms)
		EndReloadAssembly (617ms)
			LoadAssemblies (71ms)
			RebuildTransferFunctionScriptingTraits (0ms)
			SetupTypeCache (197ms)
			ReleaseScriptCaches (1ms)
			RebuildScriptCaches (37ms)
			SetupLoadedEditorAssemblies (279ms)
				LogAssemblyErrors (0ms)
				InitializePlatformSupportModulesInManaged (8ms)
				SetLoadedEditorAssemblies (0ms)
				RefreshPlugins (1ms)
				BeforeProcessingInitializeOnLoad (51ms)
				ProcessInitializeOnLoadAttributes (184ms)
				ProcessInitializeOnLoadMethodAttributes (33ms)
				AfterProcessingInitializeOnLoad (2ms)
				EditorAssembliesLoaded (0ms)
			ExecutionOrderSort2 (0ms)
			AwakeInstancesAfterBackupRestoration (6ms)
Platform modules already initialized, skipping
Refreshing native plugins compatible for Editor in 1.55 ms, found 4 plugins.
Preloading 0 native plugins for Editor in 0.00 ms.
Unloading 4403 Unused Serialized files (Serialized files now loaded: 0)
Unloading 32 unused Assets / (189.5 KB). Loaded Objects now: 4916.
Memory consumption went from 168.6 MB to 168.4 MB.
Total: 3.216600 ms (FindLiveObjects: 0.329500 ms CreateObjectMapping: 0.129900 ms MarkObjects: 2.632900 ms  DeleteObjects: 0.123400 ms)

AssetImportParameters requested are different than current active one (requested -> active):
  custom:video-decoder-ogg-theora: a1e56fd34408186e4bbccfd4996cb3dc -> 
  custom:container-muxer-webm: aa71ff27fc2769a1b78a27578f13a17b -> 
  custom:container-demuxer-webm: 4f35f7cbe854078d1ac9338744f61a02 -> 
  custom:video-encoder-webm-vp8: eb34c28f22e8b96e1ab97ce403110664 -> 
  custom:video-codec-MediaFoundation-h265: 746d11721c4dcdbdad8f713fa42b33f4 -> 
  custom:audio-encoder-webm-vorbis: bf7c407c2cedff20999df2af8eb42d56 -> 
  custom:framework-win-MediaFoundation: 216162199b28c13a410421893ffa2e32 -> 
  custom:container-demuxer-ogg: 62fdf1f143b41e24485cea50d1cbac27 -> 
  custom:video-decoder-webm-vp8: 9c59270c3fd7afecdb556c50c9e8de78 -> 
  custom:audio-decoder-ogg-vorbis: bf7c407c2cedff20999df2af8eb42d56 -> 
========================================================================
Received Prepare
Registering precompiled user dll's ...
Registered in 0.003247 seconds.
Begin MonoManager ReloadAssembly
Native extension for WindowsStandalone target not found
Refreshing native plugins compatible for Editor in 1.45 ms, found 4 plugins.
Preloading 0 native plugins for Editor in 0.00 ms.
Mono: successfully reloaded assembly
- Completed reload, in  0.981 seconds
Domain Reload Profiling:
	ReloadAssembly (981ms)
		BeginReloadAssembly (120ms)
			ExecutionOrderSort (0ms)
			DisableScriptedObjects (5ms)
			BackupInstance (0ms)
			ReleaseScriptingObjects (0ms)
			CreateAndSetChildDomain (44ms)
		EndReloadAssembly (779ms)
			LoadAssemblies (71ms)
			RebuildTransferFunctionScriptingTraits (0ms)
			SetupTypeCache (275ms)
			ReleaseScriptCaches (3ms)
			RebuildScriptCaches (52ms)
			SetupLoadedEditorAssemblies (322ms)
				LogAssemblyErrors (0ms)
				InitializePlatformSupportModulesInManaged (12ms)
				SetLoadedEditorAssemblies (0ms)
				RefreshPlugins (2ms)
				BeforeProcessingInitializeOnLoad (70ms)
				ProcessInitializeOnLoadAttributes (202ms)
				ProcessInitializeOnLoadMethodAttributes (32ms)
				AfterProcessingInitializeOnLoad (4ms)
				EditorAssembliesLoaded (0ms)
			ExecutionOrderSort2 (0ms)
			AwakeInstancesAfterBackupRestoration (6ms)
Platform modules already initialized, skipping
Refreshing native plugins compatible for Editor in 2.61 ms, found 4 plugins.
Preloading 0 native plugins for Editor in 0.00 ms.
Unloading 4403 Unused Serialized files (Serialized files now loaded: 0)
Unloading 32 unused Assets / (189.8 KB). Loaded Objects now: 4919.
Memory consumption went from 168.6 MB to 168.4 MB.
Total: 3.621600 ms (FindLiveObjects: 0.272800 ms CreateObjectMapping: 0.128200 ms MarkObjects: 3.077000 ms  DeleteObjects: 0.142500 ms)

AssetImportParameters requested are different than current active one (requested -> active):
  custom:video-decoder-ogg-theora: a1e56fd34408186e4bbccfd4996cb3dc -> 
  custom:container-muxer-webm: aa71ff27fc2769a1b78a27578f13a17b -> 
  custom:container-demuxer-webm: 4f35f7cbe854078d1ac9338744f61a02 -> 
  custom:video-encoder-webm-vp8: eb34c28f22e8b96e1ab97ce403110664 -> 
  custom:video-codec-MediaFoundation-h265: 746d11721c4dcdbdad8f713fa42b33f4 -> 
  custom:audio-encoder-webm-vorbis: bf7c407c2cedff20999df2af8eb42d56 -> 
  custom:framework-win-MediaFoundation: 216162199b28c13a410421893ffa2e32 -> 
  custom:container-demuxer-ogg: 62fdf1f143b41e24485cea50d1cbac27 -> 
  custom:video-decoder-webm-vp8: 9c59270c3fd7afecdb556c50c9e8de78 -> 
  custom:audio-decoder-ogg-vorbis: bf7c407c2cedff20999df2af8eb42d56 -> 
========================================================================
Received Prepare
Registering precompiled user dll's ...
Registered in 0.003711 seconds.
Begin MonoManager ReloadAssembly
Native extension for WindowsStandalone target not found
Refreshing native plugins compatible for Editor in 1.12 ms, found 4 plugins.
Preloading 0 native plugins for Editor in 0.00 ms.
Mono: successfully reloaded assembly
- Completed reload, in  1.037 seconds
Domain Reload Profiling:
	ReloadAssembly (1037ms)
		BeginReloadAssembly (113ms)
			ExecutionOrderSort (0ms)
			DisableScriptedObjects (5ms)
			BackupInstance (0ms)
			ReleaseScriptingObjects (0ms)
			CreateAndSetChildDomain (36ms)
		EndReloadAssembly (844ms)
			LoadAssemblies (68ms)
			RebuildTransferFunctionScriptingTraits (0ms)
			SetupTypeCache (232ms)
			ReleaseScriptCaches (3ms)
			RebuildScriptCaches (60ms)
			SetupLoadedEditorAssemblies (410ms)
				LogAssemblyErrors (0ms)
				InitializePlatformSupportModulesInManaged (12ms)
				SetLoadedEditorAssemblies (1ms)
				RefreshPlugins (1ms)
				BeforeProcessingInitializeOnLoad (68ms)
				ProcessInitializeOnLoadAttributes (275ms)
				ProcessInitializeOnLoadMethodAttributes (50ms)
				AfterProcessingInitializeOnLoad (3ms)
				EditorAssembliesLoaded (0ms)
			ExecutionOrderSort2 (0ms)
			AwakeInstancesAfterBackupRestoration (12ms)
Platform modules already initialized, skipping
Refreshing native plugins compatible for Editor in 3.36 ms, found 4 plugins.
Preloading 0 native plugins for Editor in 0.00 ms.
Unloading 4403 Unused Serialized files (Serialized files now loaded: 0)
Unloading 32 unused Assets / (189.8 KB). Loaded Objects now: 4922.
Memory consumption went from 168.6 MB to 168.4 MB.
Total: 4.928400 ms (FindLiveObjects: 0.725000 ms CreateObjectMapping: 0.616100 ms MarkObjects: 3.113100 ms  DeleteObjects: 0.472500 ms)

AssetImportParameters requested are different than current active one (requested -> active):
  custom:video-decoder-ogg-theora: a1e56fd34408186e4bbccfd4996cb3dc -> 
  custom:container-muxer-webm: aa71ff27fc2769a1b78a27578f13a17b -> 
  custom:container-demuxer-webm: 4f35f7cbe854078d1ac9338744f61a02 -> 
  custom:video-encoder-webm-vp8: eb34c28f22e8b96e1ab97ce403110664 -> 
  custom:video-codec-MediaFoundation-h265: 746d11721c4dcdbdad8f713fa42b33f4 -> 
  custom:audio-encoder-webm-vorbis: bf7c407c2cedff20999df2af8eb42d56 -> 
  custom:framework-win-MediaFoundation: 216162199b28c13a410421893ffa2e32 -> 
  custom:container-demuxer-ogg: 62fdf1f143b41e24485cea50d1cbac27 -> 
  custom:video-decoder-webm-vp8: 9c59270c3fd7afecdb556c50c9e8de78 -> 
  custom:audio-decoder-ogg-vorbis: bf7c407c2cedff20999df2af8eb42d56 -> 
========================================================================
Received Prepare
Registering precompiled user dll's ...
Registered in 0.004784 seconds.
Begin MonoManager ReloadAssembly
Native extension for WindowsStandalone target not found
Refreshing native plugins compatible for Editor in 1.11 ms, found 4 plugins.
Preloading 0 native plugins for Editor in 0.00 ms.
Mono: successfully reloaded assembly
- Completed reload, in  0.791 seconds
Domain Reload Profiling:
	ReloadAssembly (791ms)
		BeginReloadAssembly (117ms)
			ExecutionOrderSort (0ms)
			DisableScriptedObjects (6ms)
			BackupInstance (0ms)
			ReleaseScriptingObjects (0ms)
			CreateAndSetChildDomain (38ms)
		EndReloadAssembly (603ms)
			LoadAssemblies (68ms)
			RebuildTransferFunctionScriptingTraits (0ms)
			SetupTypeCache (187ms)
			ReleaseScriptCaches (1ms)
			RebuildScriptCaches (36ms)
			SetupLoadedEditorAssemblies (283ms)
				LogAssemblyErrors (0ms)
				InitializePlatformSupportModulesInManaged (12ms)
				SetLoadedEditorAssemblies (1ms)
				RefreshPlugins (1ms)
				BeforeProcessingInitializeOnLoad (56ms)
				ProcessInitializeOnLoadAttributes (183ms)
				ProcessInitializeOnLoadMethodAttributes (28ms)
				AfterProcessingInitializeOnLoad (3ms)
				EditorAssembliesLoaded (0ms)
			ExecutionOrderSort2 (0ms)
			AwakeInstancesAfterBackupRestoration (7ms)
Platform modules already initialized, skipping
Refreshing native plugins compatible for Editor in 1.63 ms, found 4 plugins.
Preloading 0 native plugins for Editor in 0.00 ms.
Unloading 4404 Unused Serialized files (Serialized files now loaded: 0)
Unloading 32 unused Assets / (189.8 KB). Loaded Objects now: 4926.
Memory consumption went from 168.6 MB to 168.4 MB.
Total: 2.973100 ms (FindLiveObjects: 0.296600 ms CreateObjectMapping: 0.141000 ms MarkObjects: 2.394200 ms  DeleteObjects: 0.140500 ms)

AssetImportParameters requested are different than current active one (requested -> active):
  custom:video-decoder-ogg-theora: a1e56fd34408186e4bbccfd4996cb3dc -> 
  custom:container-muxer-webm: aa71ff27fc2769a1b78a27578f13a17b -> 
  custom:container-demuxer-webm: 4f35f7cbe854078d1ac9338744f61a02 -> 
  custom:video-encoder-webm-vp8: eb34c28f22e8b96e1ab97ce403110664 -> 
  custom:video-codec-MediaFoundation-h265: 746d11721c4dcdbdad8f713fa42b33f4 -> 
  custom:audio-encoder-webm-vorbis: bf7c407c2cedff20999df2af8eb42d56 -> 
  custom:framework-win-MediaFoundation: 216162199b28c13a410421893ffa2e32 -> 
  custom:container-demuxer-ogg: 62fdf1f143b41e24485cea50d1cbac27 -> 
  custom:video-decoder-webm-vp8: 9c59270c3fd7afecdb556c50c9e8de78 -> 
  custom:audio-decoder-ogg-vorbis: bf7c407c2cedff20999df2af8eb42d56 -> 
========================================================================
Received Prepare
Registering precompiled user dll's ...
Registered in 0.004731 seconds.
Begin MonoManager ReloadAssembly
Native extension for WindowsStandalone target not found
Refreshing native plugins compatible for Editor in 0.72 ms, found 4 plugins.
Preloading 0 native plugins for Editor in 0.00 ms.
Mono: successfully reloaded assembly
- Completed reload, in  0.810 seconds
Domain Reload Profiling:
	ReloadAssembly (810ms)
		BeginReloadAssembly (121ms)
			ExecutionOrderSort (0ms)
			DisableScriptedObjects (6ms)
			BackupInstance (0ms)
			ReleaseScriptingObjects (0ms)
			CreateAndSetChildDomain (38ms)
		EndReloadAssembly (609ms)
			LoadAssemblies (71ms)
			RebuildTransferFunctionScriptingTraits (0ms)
			SetupTypeCache (196ms)
			ReleaseScriptCaches (1ms)
			RebuildScriptCaches (35ms)
			SetupLoadedEditorAssemblies (278ms)
				LogAssemblyErrors (0ms)
				InitializePlatformSupportModulesInManaged (9ms)
				SetLoadedEditorAssemblies (0ms)
				RefreshPlugins (1ms)
				BeforeProcessingInitializeOnLoad (50ms)
				ProcessInitializeOnLoadAttributes (181ms)
				ProcessInitializeOnLoadMethodAttributes (33ms)
				AfterProcessingInitializeOnLoad (3ms)
				EditorAssembliesLoaded (0ms)
			ExecutionOrderSort2 (0ms)
			AwakeInstancesAfterBackupRestoration (6ms)
Platform modules already initialized, skipping
Refreshing native plugins compatible for Editor in 1.56 ms, found 4 plugins.
Preloading 0 native plugins for Editor in 0.00 ms.
Unloading 4404 Unused Serialized files (Serialized files now loaded: 0)
Unloading 32 unused Assets / (190.7 KB). Loaded Objects now: 4929.
Memory consumption went from 168.6 MB to 168.5 MB.
Total: 3.205500 ms (FindLiveObjects: 0.287800 ms CreateObjectMapping: 0.130700 ms MarkObjects: 2.614800 ms  DeleteObjects: 0.171500 ms)

AssetImportParameters requested are different than current active one (requested -> active):
  custom:video-decoder-ogg-theora: a1e56fd34408186e4bbccfd4996cb3dc -> 
  custom:container-muxer-webm: aa71ff27fc2769a1b78a27578f13a17b -> 
  custom:container-demuxer-webm: 4f35f7cbe854078d1ac9338744f61a02 -> 
  custom:video-encoder-webm-vp8: eb34c28f22e8b96e1ab97ce403110664 -> 
  custom:video-codec-MediaFoundation-h265: 746d11721c4dcdbdad8f713fa42b33f4 -> 
  custom:audio-encoder-webm-vorbis: bf7c407c2cedff20999df2af8eb42d56 -> 
  custom:framework-win-MediaFoundation: 216162199b28c13a410421893ffa2e32 -> 
  custom:container-demuxer-ogg: 62fdf1f143b41e24485cea50d1cbac27 -> 
  custom:video-decoder-webm-vp8: 9c59270c3fd7afecdb556c50c9e8de78 -> 
  custom:audio-decoder-ogg-vorbis: bf7c407c2cedff20999df2af8eb42d56 -> 
